Using pre-set license
Built from '2020.3/staging' branch; Version is '2020.3.0f1 (c7b5465681fb) revision 13088070'; Using compiler version '192528614'; Build Type 'Release'
OS: 'Windows 10 Home Single Language; OS build 19043.985; Version 2009; 64bit' Language: 'en' Physical Memory: 7959 MB
BatchMode: 1, IsHumanControllingUs: 0, StartBugReporterOnCrash: 0, Is64bit: 1, IsPro: 0

 COMMAND LINE ARGUMENTS:
F:\Unity Editors\2020.3.0f1\Editor\Unity.exe
-adb2
-batchMode
-noUpm
-name
AssetImportWorker1
-projectPath
E:/Unity Projects/AR_object_locater
-logFile
Logs/AssetImportWorker1.log
-srvPort
56170
Successfully changed project path to: E:/Unity Projects/AR_object_locater
E:/Unity Projects/AR_object_locater
Using Asset Import Pipeline V2.
Refreshing native plugins compatible for Editor in 32.27 ms, found 0 plugins.
Preloading 0 native plugins for Editor in 0.00 ms.
Initialize engine version: 2020.3.0f1 (c7b5465681fb)
[Subsystems] Discovering subsystems at path F:/Unity Editors/2020.3.0f1/Editor/Data/Resources/UnitySubsystems
[Subsystems] Discovering subsystems at path E:/Unity Projects/AR_object_locater/Assets
GfxDevice: creating device client; threaded=0
Direct3D:
    Version:  Direct3D 11.0 [level 11.1]
    Renderer: Intel(R) UHD Graphics (ID=0x8a56)
    Vendor:   
    VRAM:     3979 MB
    Driver:   26.20.100.7463
Initialize mono
Mono path[0] = 'F:/Unity Editors/2020.3.0f1/Editor/Data/Managed'
Mono path[1] = 'F:/Unity Editors/2020.3.0f1/Editor/Data/MonoBleedingEdge/lib/mono/unityjit'
Mono config path = 'F:/Unity Editors/2020.3.0f1/Editor/Data/MonoBleedingEdge/etc'
Using monoOptions --debugger-agent=transport=dt_socket,embedding=1,server=y,suspend=n,address=127.0.0.1:56204
Begin MonoManager ReloadAssembly
Registering precompiled unity dll's ...
Register platform support module: F:/Unity Editors/2020.3.0f1/Editor/Data/PlaybackEngines/WebGLSupport/UnityEditor.WebGL.Extensions.dll
Register platform support module: F:/Unity Editors/2020.3.0f1/Editor/Data/PlaybackEngines/WindowsStandaloneSupport/UnityEditor.WindowsStandalone.Extensions.dll
Registered in 0.001217 seconds.
Native extension for WindowsStandalone target not found
Native extension for WebGL target not found
Refreshing native plugins compatible for Editor in 36.51 ms, found 0 plugins.
Preloading 0 native plugins for Editor in 0.00 ms.
Invoked RoslynAnalysisRunner static constructor.
RoslynAnalysisRunner will not be running.
RoslynAnalysisRunner has terminated.
Mono: successfully reloaded assembly
- Completed reload, in  2.006 seconds
Platform modules already initialized, skipping
Registering precompiled user dll's ...
Registered in 0.001043 seconds.
Begin MonoManager ReloadAssembly
Native extension for WindowsStandalone target not found
Native extension for WebGL target not found
Refreshing native plugins compatible for Editor in 0.39 ms, found 0 plugins.
Preloading 0 native plugins for Editor in 0.00 ms.
Invoked RoslynAnalysisRunner static constructor.
RoslynAnalysisRunner will not be running.
RoslynAnalysisRunner has terminated.
Mono: successfully reloaded assembly
- Completed reload, in  1.462 seconds
Platform modules already initialized, skipping
========================================================================
Worker process is ready to serve import requests
Launched and connected shader compiler UnityShaderCompiler.exe after 0.08 seconds
Refreshing native plugins compatible for Editor in 0.38 ms, found 0 plugins.
Preloading 0 native plugins for Editor in 0.00 ms.
Unloading 1436 Unused Serialized files (Serialized files now loaded: 0)
System memory in use before: 66.5 MB.
System memory in use after: 66.5 MB.

Unloading 12 unused Assets to reduce memory usage. Loaded Objects now: 1878.
Total: 2.793900 ms (FindLiveObjects: 0.131100 ms CreateObjectMapping: 0.054400 ms MarkObjects: 2.521300 ms  DeleteObjects: 0.086100 ms)

========================================================================
Received Import Request.
  path: Assets/Prefab/AR Plane.prefab
  artifactKey: Guid(b033cc4bef2f6fb46bb0a420e8a29a76) Importer(815301076,1909f56bfc062723c751e8b465ee728b)
Start importing Assets/Prefab/AR Plane.prefab using Guid(b033cc4bef2f6fb46bb0a420e8a29a76) Importer(815301076,1909f56bfc062723c751e8b465ee728b)  -> (artifact id: 'fda7d128d3ebe1114d2c225329ae8783') in 0.133175 seconds
  Import took 0.137806 seconds .

========================================================================
Received Import Request.
  Time since last request: 0.000343 seconds.
  path: Packages/com.unity.xr.arfoundation/Materials/DebugPlane.mat
  artifactKey: Guid(f1a110d32af21aa4d872c707dfcc6043) Importer(815301076,1909f56bfc062723c751e8b465ee728b)
Start importing Packages/com.unity.xr.arfoundation/Materials/DebugPlane.mat using Guid(f1a110d32af21aa4d872c707dfcc6043) Importer(815301076,1909f56bfc062723c751e8b465ee728b)  -> (artifact id: 'ec7500dfa120a4c755acd7d0426927f9') in 0.578382 seconds
  Import took 0.582218 seconds .

========================================================================
Received Import Request.
  Time since last request: 0.000306 seconds.
  path: Packages/com.unity.xr.arfoundation/Materials/DebugFace.mat
  artifactKey: Guid(35bd980c8f2234e3d8b640e25a677d65) Importer(815301076,1909f56bfc062723c751e8b465ee728b)
Start importing Packages/com.unity.xr.arfoundation/Materials/DebugFace.mat using Guid(35bd980c8f2234e3d8b640e25a677d65) Importer(815301076,1909f56bfc062723c751e8b465ee728b)  -> (artifact id: '67e449f55bf2c04ddf8b3251a964f732') in 0.187849 seconds
  Import took 0.190964 seconds .

========================================================================
Received Import Request.
  Time since last request: 0.263021 seconds.
  path: Assets
  artifactKey: Guid(00000000000000001000000000000000) Importer(815301076,1909f56bfc062723c751e8b465ee728b)
Start importing Assets using Guid(00000000000000001000000000000000) Importer(815301076,1909f56bfc062723c751e8b465ee728b)  -> (artifact id: '42baae205c97e3337697759514652acd') in 0.009867 seconds
  Import took 0.013025 seconds .

========================================================================
Received Import Request.
  Time since last request: 5.523416 seconds.
  path: Assets/Scripts
  artifactKey: Guid(244fd74741d4996478b9a4140252458f) Importer(815301076,1909f56bfc062723c751e8b465ee728b)
Start importing Assets/Scripts using Guid(244fd74741d4996478b9a4140252458f) Importer(815301076,1909f56bfc062723c751e8b465ee728b)  -> (artifact id: 'b46853c21e40fdf9521a8c410f08d5ea') in 0.010422 seconds
  Import took 0.014194 seconds .

========================================================================
Received Import Request.
  Time since last request: 7.469506 seconds.
  path: Assets/Materials
  artifactKey: Guid(1d15e77798518f842a6897d3d5c6b203) Importer(815301076,1909f56bfc062723c751e8b465ee728b)
Start importing Assets/Materials using Guid(1d15e77798518f842a6897d3d5c6b203) Importer(815301076,1909f56bfc062723c751e8b465ee728b)  -> (artifact id: '28b5a452e15267241a72b858eccff38e') in 0.007725 seconds
  Import took 0.012434 seconds .

========================================================================
Received Import Request.
  Time since last request: 456.754401 seconds.
  path: Assets/Models
  artifactKey: Guid(401ce9e13561e824bb9e2a2748bab7f8) Importer(815301076,1909f56bfc062723c751e8b465ee728b)
Start importing Assets/Models using Guid(401ce9e13561e824bb9e2a2748bab7f8) Importer(815301076,1909f56bfc062723c751e8b465ee728b)  -> (artifact id: '897f8820a568afd9b8e3f0c26387cf32') in 0.009173 seconds
  Import took 0.013419 seconds .

========================================================================
Received Import Request.
  Time since last request: 7.772926 seconds.
  path: Assets/Models/taj_mahal.stl
  artifactKey: Guid(6ee389f51bcd54a4aa36a77b13160ac2) Importer(815301076,1909f56bfc062723c751e8b465ee728b)
Start importing Assets/Models/taj_mahal.stl using Guid(6ee389f51bcd54a4aa36a77b13160ac2) Importer(815301076,1909f56bfc062723c751e8b465ee728b)  -> (artifact id: '668412ae624b78e4ffcd18ec78e0a399') in 0.049968 seconds
  Import took 0.053909 seconds .

========================================================================
Received Import Request.
  Time since last request: 44.791805 seconds.
  path: Assets/source
  artifactKey: Guid(16febf9a60963f646b530562e13eb25f) Importer(815301076,1909f56bfc062723c751e8b465ee728b)
Start importing Assets/source using Guid(16febf9a60963f646b530562e13eb25f) Importer(815301076,1909f56bfc062723c751e8b465ee728b)  -> (artifact id: '45a217481bf78d8748bc5931f57e53f7') in 0.008607 seconds
  Import took 0.011786 seconds .

========================================================================
Received Import Request.
  Time since last request: 172.330953 seconds.
  path: Assets/source/taj.fbx
  artifactKey: Guid(27e9492f78262c44fa48ab712121459b) Importer(815301076,1909f56bfc062723c751e8b465ee728b)
Start importing Assets/source/taj.fbx using Guid(27e9492f78262c44fa48ab712121459b) Importer(815301076,1909f56bfc062723c751e8b465ee728b)  -> (artifact id: '9d2afed48c051b157f75da3d2aada2c5') in 1.844553 seconds
  Import took 1.850714 seconds .

========================================================================
Received Import Request.
  Time since last request: 208.963535 seconds.
  path: Assets/Prefab/taj.prefab
  artifactKey: Guid(34bba271f2c5936489cefddca0c0995c) Importer(815301076,1909f56bfc062723c751e8b465ee728b)
Start importing Assets/Prefab/taj.prefab using Guid(34bba271f2c5936489cefddca0c0995c) Importer(815301076,1909f56bfc062723c751e8b465ee728b)  -> (artifact id: 'b5a642f31735e38bd4f82e949b06c802') in 0.084296 seconds
  Import took 0.090281 seconds .

========================================================================
Received Import Request.
  Time since last request: 33.123156 seconds.
  path: Assets/Scripts/InputManager.cs
  artifactKey: Guid(2c88dd4dea3652248adf0caef8440800) Importer(815301076,1909f56bfc062723c751e8b465ee728b)
Start importing Assets/Scripts/InputManager.cs using Guid(2c88dd4dea3652248adf0caef8440800) Importer(815301076,1909f56bfc062723c751e8b465ee728b)  -> (artifact id: 'e8f675d78988d9287582b3dceeec3a31') in 0.036378 seconds
  Import took 0.039083 seconds .

========================================================================
Received Prepare
Registering precompiled user dll's ...
Registered in 0.000769 seconds.
Begin MonoManager ReloadAssembly
Native extension for WindowsStandalone target not found
Native extension for WebGL target not found
Refreshing native plugins compatible for Editor in 0.25 ms, found 0 plugins.
Preloading 0 native plugins for Editor in 0.00 ms.
Invoked RoslynAnalysisRunner static constructor.
RoslynAnalysisRunner will not be running.
RoslynAnalysisRunner has terminated.
Mono: successfully reloaded assembly
- Completed reload, in  1.105 seconds
Platform modules already initialized, skipping
Switching build target platform(5) subTarget(0) extendedPlatform(0) -> platform(13) subTarget(537395200) extendedPlatform(0)
Refreshing native plugins compatible for Editor in 0.31 ms, found 0 plugins.
Preloading 0 native plugins for Editor in 0.00 ms.
Unloading 1431 Unused Serialized files (Serialized files now loaded: 0)
System memory in use before: 70.0 MB.
System memory in use after: 70.0 MB.

Unloading 8 unused Assets to reduce memory usage. Loaded Objects now: 1926.
Total: 1.694100 ms (FindLiveObjects: 0.154100 ms CreateObjectMapping: 0.060000 ms MarkObjects: 1.394700 ms  DeleteObjects: 0.084000 ms)

AssetImportParameters requested are different than current active one (requested -> active):
  custom:graphics/normal-map-encoding: 01000000000000000000000000000000 -> 02000000000000000000000000000000
========================================================================
Received Prepare
Registering precompiled user dll's ...
Registered in 0.000822 seconds.
Begin MonoManager ReloadAssembly
Native extension for WindowsStandalone target not found
Native extension for WebGL target not found
Refreshing native plugins compatible for Editor in 0.25 ms, found 0 plugins.
Preloading 0 native plugins for Editor in 0.00 ms.
Invoked RoslynAnalysisRunner static constructor.
RoslynAnalysisRunner will not be running.
RoslynAnalysisRunner has terminated.
Mono: successfully reloaded assembly
- Completed reload, in  0.951 seconds
Platform modules already initialized, skipping
Switching build target platform(5) subTarget(0) extendedPlatform(0) -> platform(13) subTarget(537395200) extendedPlatform(0)
Refreshing native plugins compatible for Editor in 0.23 ms, found 0 plugins.
Preloading 0 native plugins for Editor in 0.00 ms.
Unloading 1431 Unused Serialized files (Serialized files now loaded: 0)
System memory in use before: 70.0 MB.
System memory in use after: 70.1 MB.

Unloading 7 unused Assets to reduce memory usage. Loaded Objects now: 1930.
Total: 4.046400 ms (FindLiveObjects: 0.293000 ms CreateObjectMapping: 0.062700 ms MarkObjects: 3.586500 ms  DeleteObjects: 0.101900 ms)

AssetImportParameters requested are different than current active one (requested -> active):
  custom:graphics/normal-map-encoding: 01000000000000000000000000000000 -> 02000000000000000000000000000000
========================================================================
Received Import Request.
  Time since last request: 438.311572 seconds.
  path: Assets/Scripts/InputManager.cs
  artifactKey: Guid(2c88dd4dea3652248adf0caef8440800) Importer(815301076,1909f56bfc062723c751e8b465ee728b)
Start importing Assets/Scripts/InputManager.cs using Guid(2c88dd4dea3652248adf0caef8440800) Importer(815301076,1909f56bfc062723c751e8b465ee728b)  -> (artifact id: 'b0b24376ea49e230ca3cb2cd8c298d43') in 0.004816 seconds
  Import took 0.019525 seconds .

========================================================================
Received Import Request.
  Time since last request: 325.149045 seconds.
  path: Assets/Prefab
  artifactKey: Guid(6411a6a0999a4f34993b94297a1b35ac) Importer(815301076,1909f56bfc062723c751e8b465ee728b)
Start importing Assets/Prefab using Guid(6411a6a0999a4f34993b94297a1b35ac) Importer(815301076,1909f56bfc062723c751e8b465ee728b)  -> (artifact id: 'f9f7f656c51470dcd90b1a9f6a85732b') in 0.012808 seconds
  Import took 0.040772 seconds .

========================================================================
Received Prepare
Switching build target platform(13) subTarget(537395200) extendedPlatform(0) -> platform(13) subTarget(524288) extendedPlatform(0)
Refreshing native plugins compatible for Editor in 55.39 ms, found 0 plugins.
Preloading 0 native plugins for Editor in 0.00 ms.
Unloading 4 Unused Serialized files (Serialized files now loaded: 0)
System memory in use before: 41.6 MB.
System memory in use after: 41.7 MB.

Unloading 4 unused Assets to reduce memory usage. Loaded Objects now: 1930.
Total: 2.366200 ms (FindLiveObjects: 0.158300 ms CreateObjectMapping: 0.039500 ms MarkObjects: 2.103100 ms  DeleteObjects: 0.063900 ms)

AssetImportParameters requested are different than current active one (requested -> active):
  buildTarget: platform 13, subtarget 524288, extendedPlatform 0 -> platform 13, subtarget 537395200, extendedPlatform 0
  graphicsApiMask: 2048 -> 2099200
========================================================================
Received Prepare
Refreshing native plugins compatible for Editor in 0.77 ms, found 0 plugins.
Preloading 0 native plugins for Editor in 0.00 ms.
Unloading 4 Unused Serialized files (Serialized files now loaded: 0)
System memory in use before: 41.6 MB.
System memory in use after: 41.7 MB.

Unloading 4 unused Assets to reduce memory usage. Loaded Objects now: 1930.
Total: 2.696700 ms (FindLiveObjects: 0.208700 ms CreateObjectMapping: 0.055700 ms MarkObjects: 2.292700 ms  DeleteObjects: 0.137300 ms)

========================================================================
Received Import Request.
  Time since last request: 686.980899 seconds.
  path: Packages/com.unity.xr.arfoundation/Runtime/AR/ARRaycastManager.cs
  artifactKey: Guid(fa17d122634046b4a8e23048891fafc5) Importer(815301076,1909f56bfc062723c751e8b465ee728b)
Start importing Packages/com.unity.xr.arfoundation/Runtime/AR/ARRaycastManager.cs using Guid(fa17d122634046b4a8e23048891fafc5) Importer(815301076,1909f56bfc062723c751e8b465ee728b)  -> (artifact id: '230acf8ef0d178879ab3f01e8be51640') in 0.224013 seconds
  Import took 0.243007 seconds .

========================================================================
Received Import Request.
  Time since last request: 0.007325 seconds.
  path: Packages/com.unity.xr.arfoundation/Runtime/AR/ARRaycastManager.cs
  artifactKey: Guid(fa17d122634046b4a8e23048891fafc5) Importer(815301076,1909f56bfc062723c751e8b465ee728b)
Start importing Packages/com.unity.xr.arfoundation/Runtime/AR/ARRaycastManager.cs using Guid(fa17d122634046b4a8e23048891fafc5) Importer(815301076,1909f56bfc062723c751e8b465ee728b)  -> (artifact id: '230acf8ef0d178879ab3f01e8be51640') in 0.004102 seconds
  Import took 0.010277 seconds .

========================================================================
Received Import Request.
  Time since last request: 777.629477 seconds.
  path: Assets/Prefab/AR Raycast.prefab
  artifactKey: Guid(a1372815c46f2bc4c8f74eb67e783ef3) Importer(815301076,1909f56bfc062723c751e8b465ee728b)
Start importing Assets/Prefab/AR Raycast.prefab using Guid(a1372815c46f2bc4c8f74eb67e783ef3) Importer(815301076,1909f56bfc062723c751e8b465ee728b)  -> (artifact id: 'dd74fd5c72eec02e17f19bd7e249f970') in 2.436910 seconds
  Import took 2.441973 seconds .

========================================================================
Received Prepare
Refreshing native plugins compatible for Editor in 3.12 ms, found 0 plugins.
Preloading 0 native plugins for Editor in 0.00 ms.
Unloading 4 Unused Serialized files (Serialized files now loaded: 0)
System memory in use before: 41.6 MB.
System memory in use after: 41.7 MB.

Unloading 4 unused Assets to reduce memory usage. Loaded Objects now: 1930.
Total: 33.199500 ms (FindLiveObjects: 0.310000 ms CreateObjectMapping: 0.081500 ms MarkObjects: 32.235200 ms  DeleteObjects: 0.569700 ms)

========================================================================
Received Import Request.
  Time since last request: 1379.225370 seconds.
  path: Assets/Prefab/AR Plane 1.prefab
  artifactKey: Guid(31d3adb8b82f9f24b9ba3f0c97d921a2) Importer(815301076,1909f56bfc062723c751e8b465ee728b)
Start importing Assets/Prefab/AR Plane 1.prefab using Guid(31d3adb8b82f9f24b9ba3f0c97d921a2) Importer(815301076,1909f56bfc062723c751e8b465ee728b)  -> (artifact id: '16760bf188544d3cf6a420dc975760b0') in 0.366941 seconds
  Import took 0.381785 seconds .

========================================================================
Received Prepare
Registering precompiled user dll's ...
Registered in 0.001050 seconds.
Begin MonoManager ReloadAssembly
Native extension for WindowsStandalone target not found
Native extension for WebGL target not found
Refreshing native plugins compatible for Editor in 0.28 ms, found 0 plugins.
Preloading 0 native plugins for Editor in 0.00 ms.
Invoked RoslynAnalysisRunner static constructor.
RoslynAnalysisRunner will not be running.
RoslynAnalysisRunner has terminated.
Mono: successfully reloaded assembly
- Completed reload, in  5.632 seconds
Platform modules already initialized, skipping
Switching build target platform(5) subTarget(0) extendedPlatform(0) -> platform(13) subTarget(524288) extendedPlatform(0)
Refreshing native plugins compatible for Editor in 0.46 ms, found 0 plugins.
Preloading 0 native plugins for Editor in 0.00 ms.
Unloading 1431 Unused Serialized files (Serialized files now loaded: 0)
System memory in use before: 70.0 MB.
System memory in use after: 70.1 MB.

Unloading 7 unused Assets to reduce memory usage. Loaded Objects now: 1934.
Total: 3.519700 ms (FindLiveObjects: 0.198300 ms CreateObjectMapping: 0.054000 ms MarkObjects: 3.067200 ms  DeleteObjects: 0.199000 ms)

AssetImportParameters requested are different than current active one (requested -> active):
  custom:graphics/normal-map-encoding: 01000000000000000000000000000000 -> 02000000000000000000000000000000
========================================================================
Received Prepare
Refreshing native plugins compatible for Editor in 0.86 ms, found 0 plugins.
Preloading 0 native plugins for Editor in 0.00 ms.
Unloading 4 Unused Serialized files (Serialized files now loaded: 0)
System memory in use before: 41.6 MB.
System memory in use after: 41.7 MB.

Unloading 3 unused Assets to reduce memory usage. Loaded Objects now: 1935.
Total: 5.451700 ms (FindLiveObjects: 0.250000 ms CreateObjectMapping: 0.051600 ms MarkObjects: 5.056300 ms  DeleteObjects: 0.090700 ms)

========================================================================
Received Prepare
Refreshing native plugins compatible for Editor in 1.29 ms, found 0 plugins.
Preloading 0 native plugins for Editor in 0.00 ms.
Unloading 3 Unused Serialized files (Serialized files now loaded: 0)
System memory in use before: 41.5 MB.
System memory in use after: 41.6 MB.

Unloading 3 unused Assets to reduce memory usage. Loaded Objects now: 1935.
Total: 5.773500 ms (FindLiveObjects: 0.298500 ms CreateObjectMapping: 0.084500 ms MarkObjects: 5.252700 ms  DeleteObjects: 0.134000 ms)

========================================================================
Received Prepare
Refreshing native plugins compatible for Editor in 1.38 ms, found 0 plugins.
Preloading 0 native plugins for Editor in 0.00 ms.
Unloading 3 Unused Serialized files (Serialized files now loaded: 0)
System memory in use before: 41.5 MB.
System memory in use after: 41.6 MB.

Unloading 3 unused Assets to reduce memory usage. Loaded Objects now: 1935.
Total: 5.956900 ms (FindLiveObjects: 1.029500 ms CreateObjectMapping: 0.109800 ms MarkObjects: 4.674500 ms  DeleteObjects: 0.138300 ms)

========================================================================
Received Import Request.
  Time since last request: 3217.878851 seconds.
  path: Assets/Prefab/taj.prefab
  artifactKey: Guid(34bba271f2c5936489cefddca0c0995c) Importer(815301076,1909f56bfc062723c751e8b465ee728b)
Start importing Assets/Prefab/taj.prefab using Guid(34bba271f2c5936489cefddca0c0995c) Importer(815301076,1909f56bfc062723c751e8b465ee728b)  -> (artifact id: '1c06591679ce2ef97c699ca2480049eb') in 6.105356 seconds
  Import took 6.327367 seconds .

========================================================================
Received Import Request.
  Time since last request: 1.522191 seconds.
  path: Assets/Prefab/taj.prefab
  artifactKey: Guid(34bba271f2c5936489cefddca0c0995c) Importer(815301076,1909f56bfc062723c751e8b465ee728b)
Start importing Assets/Prefab/taj.prefab using Guid(34bba271f2c5936489cefddca0c0995c) Importer(815301076,1909f56bfc062723c751e8b465ee728b)  -> (artifact id: '8bc09ad08a8e2d42e1b321a614f574b1') in 0.275420 seconds
  Import took 0.289770 seconds .

========================================================================
Received Import Request.
  Time since last request: 3.416559 seconds.
  path: Assets/Prefab/taj.prefab
  artifactKey: Guid(34bba271f2c5936489cefddca0c0995c) Importer(815301076,1909f56bfc062723c751e8b465ee728b)
Start importing Assets/Prefab/taj.prefab using Guid(34bba271f2c5936489cefddca0c0995c) Importer(815301076,1909f56bfc062723c751e8b465ee728b)  -> (artifact id: 'ca0b78b0286e397ef6bb00705a1fd88a') in 0.226783 seconds
  Import took 0.322566 seconds .

========================================================================
Received Prepare
Refreshing native plugins compatible for Editor in 429.02 ms, found 0 plugins.
Preloading 0 native plugins for Editor in 0.00 ms.
Unloading 3 Unused Serialized files (Serialized files now loaded: 0)
System memory in use before: 41.7 MB.
System memory in use after: 41.8 MB.

Unloading 4 unused Assets to reduce memory usage. Loaded Objects now: 1936.
Total: 13.804300 ms (FindLiveObjects: 0.830900 ms CreateObjectMapping: 0.088700 ms MarkObjects: 12.720200 ms  DeleteObjects: 0.159700 ms)

========================================================================
Received Import Request.
  Time since last request: 688.874397 seconds.
  path: Assets/Scripts/UIManager.cs
  artifactKey: Guid(5547807c61cf6f843b32a5bfd8d0fabc) Importer(815301076,1909f56bfc062723c751e8b465ee728b)
Start importing Assets/Scripts/UIManager.cs using Guid(5547807c61cf6f843b32a5bfd8d0fabc) Importer(815301076,1909f56bfc062723c751e8b465ee728b)  -> (artifact id: '50dfc12ff94dd09a8c37958ccbf51d22') in 0.131629 seconds
  Import took 0.152858 seconds .

========================================================================
Received Prepare
Registering precompiled user dll's ...
Registered in 0.001077 seconds.
Begin MonoManager ReloadAssembly
Native extension for WindowsStandalone target not found
Native extension for WebGL target not found
Refreshing native plugins compatible for Editor in 0.24 ms, found 0 plugins.
Preloading 0 native plugins for Editor in 0.00 ms.
Invoked RoslynAnalysisRunner static constructor.
RoslynAnalysisRunner will not be running.
RoslynAnalysisRunner has terminated.
Mono: successfully reloaded assembly
- Completed reload, in  2.750 seconds
Platform modules already initialized, skipping
Switching build target platform(5) subTarget(0) extendedPlatform(0) -> platform(13) subTarget(524288) extendedPlatform(0)
Refreshing native plugins compatible for Editor in 0.55 ms, found 0 plugins.
Preloading 0 native plugins for Editor in 0.00 ms.
Unloading 1431 Unused Serialized files (Serialized files now loaded: 0)
System memory in use before: 70.0 MB.
System memory in use after: 70.1 MB.

Unloading 6 unused Assets to reduce memory usage. Loaded Objects now: 1941.
Total: 4.959900 ms (FindLiveObjects: 0.618900 ms CreateObjectMapping: 0.094200 ms MarkObjects: 4.150700 ms  DeleteObjects: 0.089900 ms)

AssetImportParameters requested are different than current active one (requested -> active):
  custom:graphics/normal-map-encoding: 01000000000000000000000000000000 -> 02000000000000000000000000000000
========================================================================
Received Prepare
Registering precompiled user dll's ...
Registered in 0.000433 seconds.
Begin MonoManager ReloadAssembly
Native extension for WindowsStandalone target not found
Native extension for WebGL target not found
Refreshing native plugins compatible for Editor in 0.33 ms, found 0 plugins.
Preloading 0 native plugins for Editor in 0.00 ms.
Invoked RoslynAnalysisRunner static constructor.
RoslynAnalysisRunner will not be running.
RoslynAnalysisRunner has terminated.
Mono: successfully reloaded assembly
- Completed reload, in  1.035 seconds
Platform modules already initialized, skipping
Switching build target platform(5) subTarget(0) extendedPlatform(0) -> platform(13) subTarget(524288) extendedPlatform(0)
Refreshing native plugins compatible for Editor in 0.29 ms, found 0 plugins.
Preloading 0 native plugins for Editor in 0.00 ms.
Unloading 1431 Unused Serialized files (Serialized files now loaded: 0)
System memory in use before: 70.0 MB.
System memory in use after: 70.1 MB.

Unloading 6 unused Assets to reduce memory usage. Loaded Objects now: 1945.
Total: 2.466400 ms (FindLiveObjects: 0.193100 ms CreateObjectMapping: 0.085500 ms MarkObjects: 2.043300 ms  DeleteObjects: 0.143100 ms)

AssetImportParameters requested are different than current active one (requested -> active):
  custom:graphics/normal-map-encoding: 01000000000000000000000000000000 -> 02000000000000000000000000000000
========================================================================
Received Import Request.
  Time since last request: 127.035990 seconds.
  path: Assets/Scripts/ButtonManager.cs
  artifactKey: Guid(5547807c61cf6f843b32a5bfd8d0fabc) Importer(815301076,1909f56bfc062723c751e8b465ee728b)
Start importing Assets/Scripts/ButtonManager.cs using Guid(5547807c61cf6f843b32a5bfd8d0fabc) Importer(815301076,1909f56bfc062723c751e8b465ee728b)  -> (artifact id: '36b6fb380599871364b688ffa029d85e') in 0.057863 seconds
  Import took 0.085199 seconds .

========================================================================
Received Import Request.
  Time since last request: 1193.924353 seconds.
  path: Assets/Scripts/DataHandler.cs
  artifactKey: Guid(442a0f4c10b41b4408c3fa180660f592) Importer(815301076,1909f56bfc062723c751e8b465ee728b)
Start importing Assets/Scripts/DataHandler.cs using Guid(442a0f4c10b41b4408c3fa180660f592) Importer(815301076,1909f56bfc062723c751e8b465ee728b)  -> (artifact id: 'e12185ac74802e58d0a27fe689760739') in 0.013176 seconds
  Import took 0.431531 seconds .

========================================================================
Received Prepare
Registering precompiled user dll's ...
Registered in 0.000484 seconds.
Begin MonoManager ReloadAssembly
Native extension for WindowsStandalone target not found
Native extension for WebGL target not found
Refreshing native plugins compatible for Editor in 0.24 ms, found 0 plugins.
Preloading 0 native plugins for Editor in 0.00 ms.
Invoked RoslynAnalysisRunner static constructor.
RoslynAnalysisRunner will not be running.
RoslynAnalysisRunner has terminated.
Mono: successfully reloaded assembly
- Completed reload, in  1.098 seconds
Platform modules already initialized, skipping
Switching build target platform(5) subTarget(0) extendedPlatform(0) -> platform(13) subTarget(524288) extendedPlatform(0)
Refreshing native plugins compatible for Editor in 0.41 ms, found 0 plugins.
Preloading 0 native plugins for Editor in 0.00 ms.
Unloading 1432 Unused Serialized files (Serialized files now loaded: 0)
System memory in use before: 70.0 MB.
System memory in use after: 70.1 MB.

Unloading 6 unused Assets to reduce memory usage. Loaded Objects now: 1950.
Total: 2.594400 ms (FindLiveObjects: 0.162600 ms CreateObjectMapping: 0.037200 ms MarkObjects: 2.328200 ms  DeleteObjects: 0.064900 ms)

AssetImportParameters requested are different than current active one (requested -> active):
  custom:graphics/normal-map-encoding: 01000000000000000000000000000000 -> 02000000000000000000000000000000
========================================================================
Received Import Request.
  Time since last request: 1226.945520 seconds.
  path: Assets/temple-guardian
  artifactKey: Guid(09f1a4d119ecd4b429dc3ca6f05bda72) Importer(815301076,1909f56bfc062723c751e8b465ee728b)
Start importing Assets/temple-guardian using Guid(09f1a4d119ecd4b429dc3ca6f05bda72) Importer(815301076,1909f56bfc062723c751e8b465ee728b)  -> (artifact id: '9dab349042a26a565963be7336ff57a4') in 0.052270 seconds
  Import took 0.101464 seconds .

========================================================================
Received Import Request.
  Time since last request: 1.553848 seconds.
  path: Assets/temple-guardian/textures
  artifactKey: Guid(ca22b73db393904428289a1b9d031a93) Importer(815301076,1909f56bfc062723c751e8b465ee728b)
Start importing Assets/temple-guardian/textures using Guid(ca22b73db393904428289a1b9d031a93) Importer(815301076,1909f56bfc062723c751e8b465ee728b)  -> (artifact id: '56ad1c12f1b8571b7ec01d328909af8c') in 0.017459 seconds
  Import took 0.045651 seconds .

========================================================================
Received Import Request.
  Time since last request: 0.053313 seconds.
  path: Assets/temple-guardian/textures/BaseMaterial-[Diffuse-eAO].jpg
  artifactKey: Guid(58726d92e3ec4d34c8a98df2c706c9f8) Importer(815301076,1909f56bfc062723c751e8b465ee728b)
Start importing Assets/temple-guardian/textures/BaseMaterial-[Diffuse-eAO].jpg using Guid(58726d92e3ec4d34c8a98df2c706c9f8) Importer(815301076,1909f56bfc062723c751e8b465ee728b)  -> (artifact id: '43736ded434a901cf4a874ac091a6241') in 0.902080 seconds
  Import took 1.034019 seconds .

========================================================================
Received Import Request.
  Time since last request: 0.000442 seconds.
  path: Assets/temple-guardian/textures/BaseMaterial-[Normal].jpg
  artifactKey: Guid(971fe3b9bff6481469845a6c320a745e) Importer(815301076,1909f56bfc062723c751e8b465ee728b)
Start importing Assets/temple-guardian/textures/BaseMaterial-[Normal].jpg using Guid(971fe3b9bff6481469845a6c320a745e) Importer(815301076,1909f56bfc062723c751e8b465ee728b)  -> (artifact id: '99f8d7c49a2feec5c1c49d9418bfb818') in 0.092347 seconds
  Import took 0.118102 seconds .

========================================================================
Received Import Request.
  Time since last request: 0.000536 seconds.
  path: Assets/temple-guardian/textures/LogoDDM-Bottom.jpeg
  artifactKey: Guid(3ffe360b0398bdb4399a1f4aac4b65ac) Importer(815301076,1909f56bfc062723c751e8b465ee728b)
Start importing Assets/temple-guardian/textures/LogoDDM-Bottom.jpeg using Guid(3ffe360b0398bdb4399a1f4aac4b65ac) Importer(815301076,1909f56bfc062723c751e8b465ee728b)  -> (artifact id: '3806f31cdc443c1498c96ddc5a121c02') in 0.053577 seconds
  Import took 0.057228 seconds .

========================================================================
Received Import Request.
  Time since last request: 0.000307 seconds.
  path: Assets/temple-guardian/textures/BaseMaterial-[Gloss].jpg
  artifactKey: Guid(03cf324efc2408c458d2db41472b15fa) Importer(815301076,1909f56bfc062723c751e8b465ee728b)
Start importing Assets/temple-guardian/textures/BaseMaterial-[Gloss].jpg using Guid(03cf324efc2408c458d2db41472b15fa) Importer(815301076,1909f56bfc062723c751e8b465ee728b)  -> (artifact id: 'c3f8b6a883ad79941c903a42cd79e9d8') in 0.063494 seconds
  Import took 0.065933 seconds .

========================================================================
Received Import Request.
  Time since last request: 1.263261 seconds.
  path: Assets/temple-guardian/source
  artifactKey: Guid(856d94dee7167554ab3e12310fdd6c9c) Importer(815301076,1909f56bfc062723c751e8b465ee728b)
Start importing Assets/temple-guardian/source using Guid(856d94dee7167554ab3e12310fdd6c9c) Importer(815301076,1909f56bfc062723c751e8b465ee728b)  -> (artifact id: '08ce26ef567bb993ad58330534caf8ee') in 0.165302 seconds
  Import took 0.193605 seconds .

========================================================================
Received Import Request.
  Time since last request: 1.211251 seconds.
  path: Assets/temple-guardian/source/Temple Guardian
  artifactKey: Guid(ff1f1175735bf4940b853255964a6115) Importer(815301076,1909f56bfc062723c751e8b465ee728b)
Start importing Assets/temple-guardian/source/Temple Guardian using Guid(ff1f1175735bf4940b853255964a6115) Importer(815301076,1909f56bfc062723c751e8b465ee728b)  -> (artifact id: 'c7752dec051b6435968c627cddd5ee91') in 0.010531 seconds
  Import took 0.014397 seconds .

========================================================================
Received Import Request.
  Time since last request: 0.054512 seconds.
  path: Assets/temple-guardian/source/Temple Guardian/LogoDDM-Bottom.jpg
  artifactKey: Guid(e8250a961669f4b40b2114bc81781f84) Importer(815301076,1909f56bfc062723c751e8b465ee728b)
Start importing Assets/temple-guardian/source/Temple Guardian/LogoDDM-Bottom.jpg using Guid(e8250a961669f4b40b2114bc81781f84) Importer(815301076,1909f56bfc062723c751e8b465ee728b)  -> (artifact id: '930260888c1fa9296101a35087d8ac1b') in 0.033945 seconds
  Import took 0.037955 seconds .

========================================================================
Received Import Request.
  Time since last request: 0.000400 seconds.
  path: Assets/temple-guardian/source/Temple Guardian/Temple Guardian.fbx
  artifactKey: Guid(1885daaa7e486a44eabd643950c246d4) Importer(815301076,1909f56bfc062723c751e8b465ee728b)
Start importing Assets/temple-guardian/source/Temple Guardian/Temple Guardian.fbx using Guid(1885daaa7e486a44eabd643950c246d4) Importer(815301076,1909f56bfc062723c751e8b465ee728b)  -> (artifact id: '0327821641203e42d6aa08f500a1c7e9') in 2.735931 seconds
  Import took 2.858082 seconds .

========================================================================
Received Import Request.
  Time since last request: 0.692284 seconds.
  path: Assets/temple-guardian/source/Temple Guardian/Temple Guardian.fbx
  artifactKey: Guid(1885daaa7e486a44eabd643950c246d4) Importer(815301076,1909f56bfc062723c751e8b465ee728b)
Start importing Assets/temple-guardian/source/Temple Guardian/Temple Guardian.fbx using Guid(1885daaa7e486a44eabd643950c246d4) Importer(815301076,1909f56bfc062723c751e8b465ee728b)  -> (artifact id: '0327821641203e42d6aa08f500a1c7e9') in 0.266579 seconds
  Import took 0.270964 seconds .

========================================================================
Received Import Request.
  Time since last request: 103.483672 seconds.
  path: Assets/high-poly-office-chair
  artifactKey: Guid(754b292383fb32f4bb42afc0e435ca4c) Importer(815301076,1909f56bfc062723c751e8b465ee728b)
Start importing Assets/high-poly-office-chair using Guid(754b292383fb32f4bb42afc0e435ca4c) Importer(815301076,1909f56bfc062723c751e8b465ee728b)  -> (artifact id: 'd14fa2e3958592f73613cdc064a972e4') in 0.011789 seconds
  Import took 0.121181 seconds .

========================================================================
Received Import Request.
  Time since last request: 0.636981 seconds.
  path: Assets/high-poly-office-chair/source
  artifactKey: Guid(737799f7d9260594591b7016cdae8a43) Importer(815301076,1909f56bfc062723c751e8b465ee728b)
Start importing Assets/high-poly-office-chair/source using Guid(737799f7d9260594591b7016cdae8a43) Importer(815301076,1909f56bfc062723c751e8b465ee728b)  -> (artifact id: 'cf495c6bc27808d81cea968c5abb5f44') in 0.003201 seconds
  Import took 0.008550 seconds .

========================================================================
Received Import Request.
  Time since last request: 0.067170 seconds.
  path: Assets/high-poly-office-chair/source/office_chair.fbx
  artifactKey: Guid(fdc0b271da5795e4f8f75eefb7495140) Importer(815301076,1909f56bfc062723c751e8b465ee728b)
Start importing Assets/high-poly-office-chair/source/office_chair.fbx using Guid(fdc0b271da5795e4f8f75eefb7495140) Importer(815301076,1909f56bfc062723c751e8b465ee728b)  -> (artifact id: '9cf6a44a79ded7a2021d5e642e428fb9') in 0.262005 seconds
  Import took 0.267136 seconds .

========================================================================
Received Import Request.
  Time since last request: 42.152075 seconds.
  path: Assets/source/temple-guardian/source/Temple Guardian/Temple Guardian.fbx
  artifactKey: Guid(1885daaa7e486a44eabd643950c246d4) Importer(815301076,1909f56bfc062723c751e8b465ee728b)
Start importing Assets/source/temple-guardian/source/Temple Guardian/Temple Guardian.fbx using Guid(1885daaa7e486a44eabd643950c246d4) Importer(815301076,1909f56bfc062723c751e8b465ee728b)  -> (artifact id: 'db43ac6ab0d7138a58c234fee147ce40') in 0.172015 seconds
  Import took 0.527689 seconds .

========================================================================
Received Import Request.
  Time since last request: 12.102093 seconds.
  path: Assets/source/high-poly-office-chair/textures
  artifactKey: Guid(7ccc21b2b8c914a41877f6c8534a4500) Importer(815301076,1909f56bfc062723c751e8b465ee728b)
Start importing Assets/source/high-poly-office-chair/textures using Guid(7ccc21b2b8c914a41877f6c8534a4500) Importer(815301076,1909f56bfc062723c751e8b465ee728b)  -> (artifact id: '972df9c69c520736686399e623416331') in 0.019485 seconds
  Import took 0.023130 seconds .

========================================================================
Received Import Request.
  Time since last request: 0.078385 seconds.
  path: Assets/source/high-poly-office-chair/textures/Leather07_color.jpeg
  artifactKey: Guid(ffeea048050c8cb4ca262c67797fd111) Importer(815301076,1909f56bfc062723c751e8b465ee728b)
Start importing Assets/source/high-poly-office-chair/textures/Leather07_color.jpeg using Guid(ffeea048050c8cb4ca262c67797fd111) Importer(815301076,1909f56bfc062723c751e8b465ee728b)  -> (artifact id: '7fea886b3e58624cf97ceffe1c9f3ea3') in 0.081667 seconds
  Import took 0.118938 seconds .

========================================================================
Received Import Request.
  Time since last request: 0.000563 seconds.
  path: Assets/source/high-poly-office-chair/textures/Leather07_rgh.jpeg
  artifactKey: Guid(5ba1e3432ffaab84686ae5433f3dc63d) Importer(815301076,1909f56bfc062723c751e8b465ee728b)
Start importing Assets/source/high-poly-office-chair/textures/Leather07_rgh.jpeg using Guid(5ba1e3432ffaab84686ae5433f3dc63d) Importer(815301076,1909f56bfc062723c751e8b465ee728b)  -> (artifact id: '69ead5eefc95916cef77c3d195eb5ad6') in 0.080266 seconds
  Import took 0.121662 seconds .

========================================================================
Received Import Request.
  Time since last request: 0.000532 seconds.
  path: Assets/source/high-poly-office-chair/textures/Leather07_nrm.jpeg
  artifactKey: Guid(c40af1303fb88ec4b822ae8a1464f18c) Importer(815301076,1909f56bfc062723c751e8b465ee728b)
Start importing Assets/source/high-poly-office-chair/textures/Leather07_nrm.jpeg using Guid(c40af1303fb88ec4b822ae8a1464f18c) Importer(815301076,1909f56bfc062723c751e8b465ee728b)  -> (artifact id: '67b884ed2e157221a9169aa2993cbeeb') in 0.096546 seconds
  Import took 0.130433 seconds .

========================================================================
Received Import Request.
  Time since last request: 0.000365 seconds.
  path: Assets/source/high-poly-office-chair/textures/metal2_color.jpeg
  artifactKey: Guid(a3fecc525f14fea4f97cef6751949a98) Importer(815301076,1909f56bfc062723c751e8b465ee728b)
Start importing Assets/source/high-poly-office-chair/textures/metal2_color.jpeg using Guid(a3fecc525f14fea4f97cef6751949a98) Importer(815301076,1909f56bfc062723c751e8b465ee728b)  -> (artifact id: 'c32d37a95c9a5f1dd807634008f3bd6f') in 0.075098 seconds
  Import took 0.079914 seconds .

========================================================================
Received Import Request.
  Time since last request: 0.000357 seconds.
  path: Assets/source/high-poly-office-chair/textures/plastic_color.jpeg
  artifactKey: Guid(ac8397d681ca29e49b3a9bf6214410be) Importer(815301076,1909f56bfc062723c751e8b465ee728b)
Start importing Assets/source/high-poly-office-chair/textures/plastic_color.jpeg using Guid(ac8397d681ca29e49b3a9bf6214410be) Importer(815301076,1909f56bfc062723c751e8b465ee728b)  -> (artifact id: '3e8639165a17b5e28c820b937dae8031') in 0.060450 seconds
  Import took 0.152884 seconds .

========================================================================
Received Import Request.
  Time since last request: 0.000566 seconds.
  path: Assets/source/high-poly-office-chair/textures/plastic2_color -.jpeg
  artifactKey: Guid(c6a5da1ee58103d40b4d9b1691f2a5e3) Importer(815301076,1909f56bfc062723c751e8b465ee728b)
Start importing Assets/source/high-poly-office-chair/textures/plastic2_color -.jpeg using Guid(c6a5da1ee58103d40b4d9b1691f2a5e3) Importer(815301076,1909f56bfc062723c751e8b465ee728b)  -> (artifact id: '75f07e729c3bb379e4f56aa2f306ec97') in 0.062518 seconds
  Import took 0.098092 seconds .

========================================================================
Received Import Request.
  Time since last request: 141.441213 seconds.
  path: Assets/Prefab/office_chair.prefab
  artifactKey: Guid(d3f5fc0373b91b649b5d86139b082b71) Importer(815301076,1909f56bfc062723c751e8b465ee728b)
Start importing Assets/Prefab/office_chair.prefab using Guid(d3f5fc0373b91b649b5d86139b082b71) Importer(815301076,1909f56bfc062723c751e8b465ee728b)  -> (artifact id: '6b9083d4368eb88d67c487316953d9ec') in 0.023901 seconds
  Import took 0.072116 seconds .

========================================================================
Received Import Request.
  Time since last request: 37.175133 seconds.
  path: Assets/Prefab/Temple Guardian.prefab
  artifactKey: Guid(15e3985928bc4e44da32ff6918747bd0) Importer(815301076,1909f56bfc062723c751e8b465ee728b)
Start importing Assets/Prefab/Temple Guardian.prefab using Guid(15e3985928bc4e44da32ff6918747bd0) Importer(815301076,1909f56bfc062723c751e8b465ee728b)  -> (artifact id: '2e249b8fcdde3bdf850f80eb2f694940') in 0.151427 seconds
  Import took 0.154732 seconds .

========================================================================
Received Import Request.
  Time since last request: 106.194581 seconds.
  path: Assets/Prefab/office_chair.prefab
  artifactKey: Guid(d3f5fc0373b91b649b5d86139b082b71) Importer(815301076,1909f56bfc062723c751e8b465ee728b)
Start importing Assets/Prefab/office_chair.prefab using Guid(d3f5fc0373b91b649b5d86139b082b71) Importer(815301076,1909f56bfc062723c751e8b465ee728b)  -> (artifact id: 'b38b8abd3cf9248b6b97de9a0a9b1cd2') in 0.068532 seconds
  Import took 0.096318 seconds .

========================================================================
Received Import Request.
  Time since last request: 136.937384 seconds.
  path: Assets/Scripts/ButtonManager.cs
  artifactKey: Guid(5547807c61cf6f843b32a5bfd8d0fabc) Importer(815301076,1909f56bfc062723c751e8b465ee728b)
Start importing Assets/Scripts/ButtonManager.cs using Guid(5547807c61cf6f843b32a5bfd8d0fabc) Importer(815301076,1909f56bfc062723c751e8b465ee728b)  -> (artifact id: '627f1db9bf9fcc56e5ba63660d4167d2') in 0.012496 seconds
  Import took 0.018215 seconds .

========================================================================
Received Import Request.
  Time since last request: 0.002517 seconds.
  path: Assets/Scripts/ButtonManager.cs
  artifactKey: Guid(5547807c61cf6f843b32a5bfd8d0fabc) Importer(815301076,1909f56bfc062723c751e8b465ee728b)
Start importing Assets/Scripts/ButtonManager.cs using Guid(5547807c61cf6f843b32a5bfd8d0fabc) Importer(815301076,1909f56bfc062723c751e8b465ee728b)  -> (artifact id: '627f1db9bf9fcc56e5ba63660d4167d2') in 0.002896 seconds
  Import took 0.006299 seconds .

========================================================================
Received Prepare
Registering precompiled user dll's ...
Registered in 0.000467 seconds.
Begin MonoManager ReloadAssembly
Native extension for WindowsStandalone target not found
Native extension for WebGL target not found
Refreshing native plugins compatible for Editor in 0.26 ms, found 0 plugins.
Preloading 0 native plugins for Editor in 0.00 ms.
Invoked RoslynAnalysisRunner static constructor.
RoslynAnalysisRunner will not be running.
RoslynAnalysisRunner has terminated.
Mono: successfully reloaded assembly
- Completed reload, in  1.274 seconds
Platform modules already initialized, skipping
Switching build target platform(5) subTarget(0) extendedPlatform(0) -> platform(13) subTarget(524288) extendedPlatform(0)
Refreshing native plugins compatible for Editor in 0.39 ms, found 0 plugins.
Preloading 0 native plugins for Editor in 0.00 ms.
Unloading 1432 Unused Serialized files (Serialized files now loaded: 0)
System memory in use before: 70.3 MB.
System memory in use after: 70.4 MB.

Unloading 6 unused Assets to reduce memory usage. Loaded Objects now: 1956.
Total: 1.963400 ms (FindLiveObjects: 0.168400 ms CreateObjectMapping: 0.039800 ms MarkObjects: 1.694100 ms  DeleteObjects: 0.059800 ms)

AssetImportParameters requested are different than current active one (requested -> active):
  custom:graphics/normal-map-encoding: 01000000000000000000000000000000 -> 02000000000000000000000000000000
========================================================================
Received Import Request.
  Time since last request: 84.171701 seconds.
  path: Assets/Scripts/ButtonManager.cs
  artifactKey: Guid(5547807c61cf6f843b32a5bfd8d0fabc) Importer(815301076,1909f56bfc062723c751e8b465ee728b)
Start importing Assets/Scripts/ButtonManager.cs using Guid(5547807c61cf6f843b32a5bfd8d0fabc) Importer(815301076,1909f56bfc062723c751e8b465ee728b)  -> (artifact id: '031ad1db604639aac54fe8120d6ebb6a') in 0.007773 seconds
  Import took 0.013243 seconds .

========================================================================
Received Import Request.
  Time since last request: 298.654189 seconds.
  path: Assets/Prefab/Temple Guardian.prefab
  artifactKey: Guid(15e3985928bc4e44da32ff6918747bd0) Importer(815301076,1909f56bfc062723c751e8b465ee728b)
Start importing Assets/Prefab/Temple Guardian.prefab using Guid(15e3985928bc4e44da32ff6918747bd0) Importer(815301076,1909f56bfc062723c751e8b465ee728b)  -> (artifact id: 'a91a50bb1b6caa515c3808d1834546dc') in 0.273317 seconds
  Import took 0.354659 seconds .

========================================================================
Received Prepare
Refreshing native plugins compatible for Editor in 1.28 ms, found 0 plugins.
Preloading 0 native plugins for Editor in 0.00 ms.
Unloading 3 Unused Serialized files (Serialized files now loaded: 0)
System memory in use before: 41.9 MB.
System memory in use after: 42.0 MB.

Unloading 3 unused Assets to reduce memory usage. Loaded Objects now: 1957.
Total: 3.425700 ms (FindLiveObjects: 0.364500 ms CreateObjectMapping: 0.077200 ms MarkObjects: 2.886900 ms  DeleteObjects: 0.094600 ms)

========================================================================
Received Prepare
Refreshing native plugins compatible for Editor in 1.30 ms, found 0 plugins.
Preloading 0 native plugins for Editor in 0.00 ms.
Unloading 3 Unused Serialized files (Serialized files now loaded: 0)
System memory in use before: 41.9 MB.
System memory in use after: 42.0 MB.

Unloading 3 unused Assets to reduce memory usage. Loaded Objects now: 1957.
Total: 6.040500 ms (FindLiveObjects: 0.340400 ms CreateObjectMapping: 0.091400 ms MarkObjects: 5.540600 ms  DeleteObjects: 0.064700 ms)

========================================================================
Received Import Request.
  Time since last request: 973.455877 seconds.
  path: Assets/Prefab/Temple Guardian.prefab
  artifactKey: Guid(15e3985928bc4e44da32ff6918747bd0) Importer(815301076,1909f56bfc062723c751e8b465ee728b)
Start importing Assets/Prefab/Temple Guardian.prefab using Guid(15e3985928bc4e44da32ff6918747bd0) Importer(815301076,1909f56bfc062723c751e8b465ee728b)  -> (artifact id: '3acef499c8519f7e1ed9f6c0d42f4974') in 0.663187 seconds
  Import took 0.668470 seconds .

========================================================================
Received Import Request.
  Time since last request: 61.982013 seconds.
  path: Assets/Prefab/Temple Guardian 1.prefab
  artifactKey: Guid(bf47d31f3d6e0844097270b1e8e2aab7) Importer(815301076,1909f56bfc062723c751e8b465ee728b)
Start importing Assets/Prefab/Temple Guardian 1.prefab using Guid(bf47d31f3d6e0844097270b1e8e2aab7) Importer(815301076,1909f56bfc062723c751e8b465ee728b)  -> (artifact id: '7bee7b9fabc60142da58485aef4aa071') in 0.242905 seconds
  Import took 0.247531 seconds .

========================================================================
Received Import Request.
  Time since last request: 105.943472 seconds.
  path: Assets/Prefab/Temple Guardian 1.prefab
  artifactKey: Guid(bf47d31f3d6e0844097270b1e8e2aab7) Importer(815301076,1909f56bfc062723c751e8b465ee728b)
Start importing Assets/Prefab/Temple Guardian 1.prefab using Guid(bf47d31f3d6e0844097270b1e8e2aab7) Importer(815301076,1909f56bfc062723c751e8b465ee728b)  -> (artifact id: '08b1ac6cd34a375753d0adb2c0ade3f6') in 0.234875 seconds
  Import took 0.239731 seconds .

========================================================================
Received Import Request.
  Time since last request: 2.296604 seconds.
  path: Assets/Prefab/Temple Guardian 1.prefab
  artifactKey: Guid(bf47d31f3d6e0844097270b1e8e2aab7) Importer(815301076,1909f56bfc062723c751e8b465ee728b)
Start importing Assets/Prefab/Temple Guardian 1.prefab using Guid(bf47d31f3d6e0844097270b1e8e2aab7) Importer(815301076,1909f56bfc062723c751e8b465ee728b)  -> (artifact id: 'd19922edc53ddfbb7e7f9f236d79e38e') in 0.169700 seconds
  Import took 0.175382 seconds .

========================================================================
Received Import Request.
  Time since last request: 3.056120 seconds.
  path: Assets/Prefab/Temple Guardian 1.prefab
  artifactKey: Guid(bf47d31f3d6e0844097270b1e8e2aab7) Importer(815301076,1909f56bfc062723c751e8b465ee728b)
Start importing Assets/Prefab/Temple Guardian 1.prefab using Guid(bf47d31f3d6e0844097270b1e8e2aab7) Importer(815301076,1909f56bfc062723c751e8b465ee728b)  -> (artifact id: '0f7e54024c7e44d2b0540d3c04567df0') in 0.173105 seconds
  Import took 0.220235 seconds .

========================================================================
Received Prepare
Refreshing native plugins compatible for Editor in 1.59 ms, found 0 plugins.
Preloading 0 native plugins for Editor in 0.00 ms.
Unloading 3 Unused Serialized files (Serialized files now loaded: 0)
System memory in use before: 41.9 MB.
System memory in use after: 42.0 MB.

Unloading 3 unused Assets to reduce memory usage. Loaded Objects now: 1957.
Total: 5.979300 ms (FindLiveObjects: 0.271100 ms CreateObjectMapping: 0.104100 ms MarkObjects: 5.534900 ms  DeleteObjects: 0.067100 ms)

========================================================================
Received Prepare
Refreshing native plugins compatible for Editor in 1.57 ms, found 0 plugins.
Preloading 0 native plugins for Editor in 0.00 ms.
Unloading 3 Unused Serialized files (Serialized files now loaded: 0)
System memory in use before: 41.9 MB.
System memory in use after: 42.0 MB.

Unloading 3 unused Assets to reduce memory usage. Loaded Objects now: 1957.
Total: 6.477500 ms (FindLiveObjects: 0.443800 ms CreateObjectMapping: 0.135400 ms MarkObjects: 5.783400 ms  DeleteObjects: 0.111400 ms)

========================================================================
Received Import Request.
  Time since last request: 343.091457 seconds.
  path: Assets/Prefab/Temple Guardian 1.prefab
  artifactKey: Guid(bf47d31f3d6e0844097270b1e8e2aab7) Importer(815301076,1909f56bfc062723c751e8b465ee728b)
Start importing Assets/Prefab/Temple Guardian 1.prefab using Guid(bf47d31f3d6e0844097270b1e8e2aab7) Importer(815301076,1909f56bfc062723c751e8b465ee728b)  -> (artifact id: 'eea20fd3ea5fb28ccca4efc7986d9fcc') in 0.729400 seconds
  Import took 0.773036 seconds .

========================================================================
Received Import Request.
  Time since last request: 1.685060 seconds.
  path: Assets/Prefab/Temple Guardian 1.prefab
  artifactKey: Guid(bf47d31f3d6e0844097270b1e8e2aab7) Importer(815301076,1909f56bfc062723c751e8b465ee728b)
Start importing Assets/Prefab/Temple Guardian 1.prefab using Guid(bf47d31f3d6e0844097270b1e8e2aab7) Importer(815301076,1909f56bfc062723c751e8b465ee728b)  -> (artifact id: '1770118f0cad61deaa3d81c4ce37eecc') in 0.169789 seconds
  Import took 0.830229 seconds .

========================================================================
Received Import Request.
  Time since last request: 5.136422 seconds.
  path: Assets/Prefab/Temple Guardian 1.prefab
  artifactKey: Guid(bf47d31f3d6e0844097270b1e8e2aab7) Importer(815301076,1909f56bfc062723c751e8b465ee728b)
Start importing Assets/Prefab/Temple Guardian 1.prefab using Guid(bf47d31f3d6e0844097270b1e8e2aab7) Importer(815301076,1909f56bfc062723c751e8b465ee728b)  -> (artifact id: 'cd2b19a2aaf8f39d9c5e12891ee3518a') in 0.208172 seconds
  Import took 0.269495 seconds .

========================================================================
Received Import Request.
  Time since last request: 61.540000 seconds.
  path: Assets/Prefab/Temple Guardian.prefab
  artifactKey: Guid(15e3985928bc4e44da32ff6918747bd0) Importer(815301076,1909f56bfc062723c751e8b465ee728b)
Start importing Assets/Prefab/Temple Guardian.prefab using Guid(15e3985928bc4e44da32ff6918747bd0) Importer(815301076,1909f56bfc062723c751e8b465ee728b)  -> (artifact id: '7833c4e38b13b3c24ba182404fcb1801') in 0.196742 seconds
  Import took 0.200684 seconds .

========================================================================
Received Prepare
Refreshing native plugins compatible for Editor in 1.15 ms, found 0 plugins.
Preloading 0 native plugins for Editor in 0.00 ms.
Unloading 3 Unused Serialized files (Serialized files now loaded: 0)
System memory in use before: 42.0 MB.
System memory in use after: 42.1 MB.

Unloading 3 unused Assets to reduce memory usage. Loaded Objects now: 1957.
Total: 5.247700 ms (FindLiveObjects: 0.126800 ms CreateObjectMapping: 0.050100 ms MarkObjects: 5.015700 ms  DeleteObjects: 0.053700 ms)

========================================================================
Received Import Request.
  Time since last request: 234.099749 seconds.
  path: Assets/Prefab/Temple Guardian.prefab
  artifactKey: Guid(15e3985928bc4e44da32ff6918747bd0) Importer(815301076,1909f56bfc062723c751e8b465ee728b)
Start importing Assets/Prefab/Temple Guardian.prefab using Guid(15e3985928bc4e44da32ff6918747bd0) Importer(815301076,1909f56bfc062723c751e8b465ee728b)  -> (artifact id: 'f310a2338af27db77a1f22b3727cdd42') in 0.248099 seconds
  Import took 0.341404 seconds .

========================================================================
Received Import Request.
  Time since last request: 12.482919 seconds.
  path: Assets/Prefab/Temple Guardian.prefab
  artifactKey: Guid(15e3985928bc4e44da32ff6918747bd0) Importer(815301076,1909f56bfc062723c751e8b465ee728b)
Start importing Assets/Prefab/Temple Guardian.prefab using Guid(15e3985928bc4e44da32ff6918747bd0) Importer(815301076,1909f56bfc062723c751e8b465ee728b)  -> (artifact id: '401bd65e39f6d7b1dbddc8fa7a709a5c') in 0.228851 seconds
  Import took 0.262319 seconds .

========================================================================
Received Import Request.
  Time since last request: 264.011272 seconds.
  path: Assets/source/taj_2.fbx
  artifactKey: Guid(be6037a7e5c4e41468941c08f22f5584) Importer(815301076,1909f56bfc062723c751e8b465ee728b)
Start importing Assets/source/taj_2.fbx using Guid(be6037a7e5c4e41468941c08f22f5584) Importer(815301076,1909f56bfc062723c751e8b465ee728b)  -> (artifact id: '3e183471a8e6f848105c34ae85769752') in 2.917841 seconds
  Import took 2.926093 seconds .

========================================================================
Received Import Request.
  Time since last request: 442.989828 seconds.
  path: Assets/source/tajmahal.obj
  artifactKey: Guid(75971dca4d8dd0e4cbf75848061293be) Importer(815301076,1909f56bfc062723c751e8b465ee728b)
Start importing Assets/source/tajmahal.obj using Guid(75971dca4d8dd0e4cbf75848061293be) Importer(815301076,1909f56bfc062723c751e8b465ee728b)  -> (artifact id: 'c429fe58be0e27c89342e1f0b1149fd0') in 9.189294 seconds
  Import took 9.944354 seconds .

========================================================================
Received Import Request.
  Time since last request: 90.004375 seconds.
  path: Assets/Prefab/tajmahal.prefab
  artifactKey: Guid(396a4af24e239bb4387962ae8c2ea9a4) Importer(815301076,1909f56bfc062723c751e8b465ee728b)
Start importing Assets/Prefab/tajmahal.prefab using Guid(396a4af24e239bb4387962ae8c2ea9a4) Importer(815301076,1909f56bfc062723c751e8b465ee728b)  -> (artifact id: '7ca577be3100e51cca3e1d3802470c5b') in 0.838407 seconds
  Import took 0.876109 seconds .

