Using pre-set license
Built from '2020.3/staging' branch; Version is '2020.3.0f1 (c7b5465681fb) revision 13088070'; Using compiler version '192528614'; Build Type 'Release'
OS: 'Windows 10 Home Single Language; OS build 19043.1052; Version 2009; 64bit' Language: 'en' Physical Memory: 7959 MB
BatchMode: 1, IsHumanControllingUs: 0, StartBugReporterOnCrash: 0, Is64bit: 1, IsPro: 0

 COMMAND LINE ARGUMENTS:
F:\Unity Editors\2020.3.0f1\Editor\Unity.exe
-adb2
-batchMode
-noUpm
-name
AssetImportWorker0
-projectPath
E:/Unity Projects/AR_object_locater
-logFile
Logs/AssetImportWorker0.log
-srvPort
64237
Successfully changed project path to: E:/Unity Projects/AR_object_locater
E:/Unity Projects/AR_object_locater
Using Asset Import Pipeline V2.
Refreshing native plugins compatible for Editor in 80.10 ms, found 0 plugins.
Preloading 0 native plugins for Editor in 0.00 ms.
Initialize engine version: 2020.3.0f1 (c7b5465681fb)
[Subsystems] Discovering subsystems at path F:/Unity Editors/2020.3.0f1/Editor/Data/Resources/UnitySubsystems
[Subsystems] Discovering subsystems at path E:/Unity Projects/AR_object_locater/Assets
GfxDevice: creating device client; threaded=0
Direct3D:
    Version:  Direct3D 11.0 [level 11.1]
    Renderer: Intel(R) UHD Graphics (ID=0x8a56)
    Vendor:   
    VRAM:     3979 MB
    Driver:   26.20.100.7463
Initialize mono
Mono path[0] = 'F:/Unity Editors/2020.3.0f1/Editor/Data/Managed'
Mono path[1] = 'F:/Unity Editors/2020.3.0f1/Editor/Data/MonoBleedingEdge/lib/mono/unityjit'
Mono config path = 'F:/Unity Editors/2020.3.0f1/Editor/Data/MonoBleedingEdge/etc'
Using monoOptions --debugger-agent=transport=dt_socket,embedding=1,server=y,suspend=n,address=127.0.0.1:56916
Begin MonoManager ReloadAssembly
Registering precompiled unity dll's ...
Register platform support module: F:/Unity Editors/2020.3.0f1/Editor/Data/PlaybackEngines/WebGLSupport/UnityEditor.WebGL.Extensions.dll
Register platform support module: F:/Unity Editors/2020.3.0f1/Editor/Data/PlaybackEngines/WindowsStandaloneSupport/UnityEditor.WindowsStandalone.Extensions.dll
Registered in 0.002122 seconds.
Native extension for WindowsStandalone target not found
Native extension for WebGL target not found
Refreshing native plugins compatible for Editor in 112.75 ms, found 0 plugins.
Preloading 0 native plugins for Editor in 0.00 ms.
Invoked RoslynAnalysisRunner static constructor.
RoslynAnalysisRunner will not be running.
RoslynAnalysisRunner has terminated.
Mono: successfully reloaded assembly
- Completed reload, in  3.713 seconds
Platform modules already initialized, skipping
Registering precompiled user dll's ...
Registered in 0.002550 seconds.
Begin MonoManager ReloadAssembly
Native extension for WindowsStandalone target not found
Native extension for WebGL target not found
Refreshing native plugins compatible for Editor in 93.35 ms, found 0 plugins.
Preloading 0 native plugins for Editor in 0.00 ms.
Invoked RoslynAnalysisRunner static constructor.
RoslynAnalysisRunner will not be running.
RoslynAnalysisRunner has terminated.
Mono: successfully reloaded assembly
- Completed reload, in  2.551 seconds
Platform modules already initialized, skipping
========================================================================
Worker process is ready to serve import requests
Launched and connected shader compiler UnityShaderCompiler.exe after 0.29 seconds
Refreshing native plugins compatible for Editor in 0.60 ms, found 0 plugins.
Preloading 0 native plugins for Editor in 0.00 ms.
Unloading 2281 Unused Serialized files (Serialized files now loaded: 0)
System memory in use before: 97.9 MB.
System memory in use after: 98.0 MB.

Unloading 16 unused Assets to reduce memory usage. Loaded Objects now: 2777.
Total: 4.697900 ms (FindLiveObjects: 0.531900 ms CreateObjectMapping: 0.174900 ms MarkObjects: 3.815900 ms  DeleteObjects: 0.172600 ms)

========================================================================
Received Import Request.
  path: Assets/AddressableAssets/Items/chair.asset
  artifactKey: Guid(6c427ba96ce234549993c6120615d158) Importer(815301076,1909f56bfc062723c751e8b465ee728b)
Start importing Assets/AddressableAssets/Items/chair.asset using Guid(6c427ba96ce234549993c6120615d158) Importer(815301076,1909f56bfc062723c751e8b465ee728b)  -> (artifact id: '662a32f6a427c5ae36e848446b2bdd6b') in 0.206760 seconds
  Import took 0.265638 seconds .

========================================================================
Received Prepare
Registering precompiled user dll's ...
Registered in 0.002247 seconds.
Begin MonoManager ReloadAssembly
Native extension for WindowsStandalone target not found
Native extension for WebGL target not found
Refreshing native plugins compatible for Editor in 0.66 ms, found 0 plugins.
Preloading 0 native plugins for Editor in 0.00 ms.
Invoked RoslynAnalysisRunner static constructor.
RoslynAnalysisRunner will not be running.
RoslynAnalysisRunner has terminated.
Mono: successfully reloaded assembly
- Completed reload, in  2.069 seconds
Platform modules already initialized, skipping
Switching build target platform(5) subTarget(0) extendedPlatform(0) -> platform(13) subTarget(524288) extendedPlatform(0)
Refreshing native plugins compatible for Editor in 1.26 ms, found 0 plugins.
Preloading 0 native plugins for Editor in 0.00 ms.
Unloading 2252 Unused Serialized files (Serialized files now loaded: 0)
System memory in use before: 97.1 MB.
System memory in use after: 97.3 MB.

Unloading 9 unused Assets to reduce memory usage. Loaded Objects now: 2781.
Total: 6.323100 ms (FindLiveObjects: 0.396400 ms CreateObjectMapping: 0.155500 ms MarkObjects: 5.552100 ms  DeleteObjects: 0.216200 ms)

AssetImportParameters requested are different than current active one (requested -> active):
  custom:graphics/normal-map-encoding: 01000000000000000000000000000000 -> 02000000000000000000000000000000
========================================================================
Received Prepare
Registering precompiled user dll's ...
Registered in 0.001931 seconds.
Begin MonoManager ReloadAssembly
Native extension for WindowsStandalone target not found
Native extension for WebGL target not found
Refreshing native plugins compatible for Editor in 0.63 ms, found 0 plugins.
Preloading 0 native plugins for Editor in 0.00 ms.
Invoked RoslynAnalysisRunner static constructor.
RoslynAnalysisRunner will not be running.
RoslynAnalysisRunner has terminated.
Mono: successfully reloaded assembly
- Completed reload, in  1.971 seconds
Platform modules already initialized, skipping
Switching build target platform(5) subTarget(0) extendedPlatform(0) -> platform(13) subTarget(524288) extendedPlatform(0)
Refreshing native plugins compatible for Editor in 0.61 ms, found 0 plugins.
Preloading 0 native plugins for Editor in 0.00 ms.
Unloading 2252 Unused Serialized files (Serialized files now loaded: 0)
System memory in use before: 97.2 MB.
System memory in use after: 97.3 MB.

Unloading 9 unused Assets to reduce memory usage. Loaded Objects now: 2785.
Total: 4.450200 ms (FindLiveObjects: 0.431200 ms CreateObjectMapping: 0.167700 ms MarkObjects: 3.626700 ms  DeleteObjects: 0.222200 ms)

AssetImportParameters requested are different than current active one (requested -> active):
  custom:graphics/normal-map-encoding: 01000000000000000000000000000000 -> 02000000000000000000000000000000
========================================================================
Received Prepare
Registering precompiled user dll's ...
Registered in 0.003627 seconds.
Begin MonoManager ReloadAssembly
Native extension for WindowsStandalone target not found
Native extension for WebGL target not found
Refreshing native plugins compatible for Editor in 0.65 ms, found 0 plugins.
Preloading 0 native plugins for Editor in 0.00 ms.
Invoked RoslynAnalysisRunner static constructor.
RoslynAnalysisRunner will not be running.
RoslynAnalysisRunner has terminated.
Mono: successfully reloaded assembly
- Completed reload, in  3.702 seconds
Platform modules already initialized, skipping
Switching build target platform(5) subTarget(0) extendedPlatform(0) -> platform(13) subTarget(524288) extendedPlatform(0)
Refreshing native plugins compatible for Editor in 0.85 ms, found 0 plugins.
Preloading 0 native plugins for Editor in 0.00 ms.
Unloading 2252 Unused Serialized files (Serialized files now loaded: 0)
System memory in use before: 97.2 MB.
System memory in use after: 97.4 MB.

Unloading 9 unused Assets to reduce memory usage. Loaded Objects now: 2789.
Total: 5.267200 ms (FindLiveObjects: 0.727000 ms CreateObjectMapping: 0.196100 ms MarkObjects: 4.167100 ms  DeleteObjects: 0.173400 ms)

AssetImportParameters requested are different than current active one (requested -> active):
  custom:graphics/normal-map-encoding: 01000000000000000000000000000000 -> 02000000000000000000000000000000
========================================================================
Received Prepare
Registering precompiled user dll's ...
Registered in 0.001452 seconds.
Begin MonoManager ReloadAssembly
Native extension for WindowsStandalone target not found
Native extension for WebGL target not found
Refreshing native plugins compatible for Editor in 0.68 ms, found 0 plugins.
Preloading 0 native plugins for Editor in 0.00 ms.
Invoked RoslynAnalysisRunner static constructor.
RoslynAnalysisRunner will not be running.
RoslynAnalysisRunner has terminated.
Mono: successfully reloaded assembly
- Completed reload, in  1.963 seconds
Platform modules already initialized, skipping
Switching build target platform(5) subTarget(0) extendedPlatform(0) -> platform(13) subTarget(524288) extendedPlatform(0)
Refreshing native plugins compatible for Editor in 0.58 ms, found 0 plugins.
Preloading 0 native plugins for Editor in 0.00 ms.
Unloading 2252 Unused Serialized files (Serialized files now loaded: 0)
System memory in use before: 97.2 MB.
System memory in use after: 97.4 MB.

Unloading 9 unused Assets to reduce memory usage. Loaded Objects now: 2793.
Total: 4.678800 ms (FindLiveObjects: 0.615500 ms CreateObjectMapping: 0.383800 ms MarkObjects: 3.553700 ms  DeleteObjects: 0.123100 ms)

AssetImportParameters requested are different than current active one (requested -> active):
  custom:graphics/normal-map-encoding: 01000000000000000000000000000000 -> 02000000000000000000000000000000
========================================================================
Received Prepare
Registering precompiled user dll's ...
Registered in 0.002386 seconds.
Begin MonoManager ReloadAssembly
Native extension for WindowsStandalone target not found
Native extension for WebGL target not found
Refreshing native plugins compatible for Editor in 0.46 ms, found 0 plugins.
Preloading 0 native plugins for Editor in 0.00 ms.
Invoked RoslynAnalysisRunner static constructor.
RoslynAnalysisRunner will not be running.
RoslynAnalysisRunner has terminated.
Mono: successfully reloaded assembly
- Completed reload, in  3.099 seconds
Platform modules already initialized, skipping
Switching build target platform(5) subTarget(0) extendedPlatform(0) -> platform(13) subTarget(524288) extendedPlatform(0)
Refreshing native plugins compatible for Editor in 0.67 ms, found 0 plugins.
Preloading 0 native plugins for Editor in 0.00 ms.
Unloading 2252 Unused Serialized files (Serialized files now loaded: 0)
System memory in use before: 97.2 MB.
System memory in use after: 97.4 MB.

Unloading 9 unused Assets to reduce memory usage. Loaded Objects now: 2797.
Total: 3.307000 ms (FindLiveObjects: 0.228200 ms CreateObjectMapping: 0.088800 ms MarkObjects: 2.888200 ms  DeleteObjects: 0.099400 ms)

AssetImportParameters requested are different than current active one (requested -> active):
  custom:graphics/normal-map-encoding: 01000000000000000000000000000000 -> 02000000000000000000000000000000
========================================================================
Received Import Request.
  Time since last request: 4285.434603 seconds.
  path: Assets/Scripts/InputManager1.cs
  artifactKey: Guid(05ad08f9009c9db40aa39668b70075d0) Importer(815301076,1909f56bfc062723c751e8b465ee728b)
Start importing Assets/Scripts/InputManager1.cs using Guid(05ad08f9009c9db40aa39668b70075d0) Importer(815301076,1909f56bfc062723c751e8b465ee728b)  -> (artifact id: '9af9ad86edf4ff7a56acc5b025d9e956') in 0.367819 seconds
  Import took 0.496743 seconds .

========================================================================
Received Import Request.
  Time since last request: 3.896232 seconds.
  path: Assets/Scripts/ButtonManager.cs
  artifactKey: Guid(5547807c61cf6f843b32a5bfd8d0fabc) Importer(815301076,1909f56bfc062723c751e8b465ee728b)
Start importing Assets/Scripts/ButtonManager.cs using Guid(5547807c61cf6f843b32a5bfd8d0fabc) Importer(815301076,1909f56bfc062723c751e8b465ee728b)  -> (artifact id: '36d0cbb48225ed8cd96a27f40dc02ce5') in 0.011251 seconds
  Import took 0.222629 seconds .

========================================================================
Received Import Request.
  Time since last request: 21.990064 seconds.
  path: Assets/Scripts/ButtonManager1.cs
  artifactKey: Guid(6815efbd35a5de24ea64def24c3af4d0) Importer(815301076,1909f56bfc062723c751e8b465ee728b)
Start importing Assets/Scripts/ButtonManager1.cs using Guid(6815efbd35a5de24ea64def24c3af4d0) Importer(815301076,1909f56bfc062723c751e8b465ee728b)  -> (artifact id: 'a0dcc9f474539a04735adfa0ed83e27d') in 0.120594 seconds
  Import took 0.138602 seconds .

========================================================================
Received Import Request.
  Time since last request: 58.030334 seconds.
  path: Assets/Scripts/DataHandler.cs
  artifactKey: Guid(442a0f4c10b41b4408c3fa180660f592) Importer(815301076,1909f56bfc062723c751e8b465ee728b)
Start importing Assets/Scripts/DataHandler.cs using Guid(442a0f4c10b41b4408c3fa180660f592) Importer(815301076,1909f56bfc062723c751e8b465ee728b)  -> (artifact id: 'b6722a3530f385d2a17fdde74f9b8620') in 0.002988 seconds
  Import took 0.619303 seconds .

========================================================================
Received Import Request.
  Time since last request: 0.601009 seconds.
  path: Assets/Scripts/InputManager.cs
  artifactKey: Guid(2c88dd4dea3652248adf0caef8440800) Importer(815301076,1909f56bfc062723c751e8b465ee728b)
Start importing Assets/Scripts/InputManager.cs using Guid(2c88dd4dea3652248adf0caef8440800) Importer(815301076,1909f56bfc062723c751e8b465ee728b)  -> (artifact id: 'f1195850ef57adb70864a17c45650102') in 0.007884 seconds
  Import took 0.139359 seconds .

========================================================================
Received Import Request.
  Time since last request: 1.275022 seconds.
  path: Assets/Scripts/Item.cs
  artifactKey: Guid(669eea4e1f18d024686432c9d44a0e35) Importer(815301076,1909f56bfc062723c751e8b465ee728b)
Start importing Assets/Scripts/Item.cs using Guid(669eea4e1f18d024686432c9d44a0e35) Importer(815301076,1909f56bfc062723c751e8b465ee728b)  -> (artifact id: 'b5f3f2f9abc3aa81b5b273f543aa0c60') in 0.071683 seconds
  Import took 0.123030 seconds .

========================================================================
Received Import Request.
  Time since last request: 0.903555 seconds.
  path: Assets/Scripts/UIContentFitter.cs
  artifactKey: Guid(66d957479413f654595e7b3f48a49ea2) Importer(815301076,1909f56bfc062723c751e8b465ee728b)
Start importing Assets/Scripts/UIContentFitter.cs using Guid(66d957479413f654595e7b3f48a49ea2) Importer(815301076,1909f56bfc062723c751e8b465ee728b)  -> (artifact id: '01f2de415bae4708d3ab8ad387de48c4') in 0.012914 seconds
  Import took 0.179678 seconds .

========================================================================
Received Prepare
Registering precompiled user dll's ...
Registered in 0.001066 seconds.
Begin MonoManager ReloadAssembly
Native extension for WindowsStandalone target not found
Native extension for WebGL target not found
Refreshing native plugins compatible for Editor in 0.44 ms, found 0 plugins.
Preloading 0 native plugins for Editor in 0.00 ms.
Invoked RoslynAnalysisRunner static constructor.
RoslynAnalysisRunner will not be running.
RoslynAnalysisRunner has terminated.
Mono: successfully reloaded assembly
- Completed reload, in  1.126 seconds
Platform modules already initialized, skipping
Switching build target platform(5) subTarget(0) extendedPlatform(0) -> platform(13) subTarget(524288) extendedPlatform(0)
Refreshing native plugins compatible for Editor in 0.52 ms, found 0 plugins.
Preloading 0 native plugins for Editor in 0.00 ms.
Unloading 2253 Unused Serialized files (Serialized files now loaded: 0)
System memory in use before: 97.3 MB.
System memory in use after: 97.4 MB.

Unloading 14 unused Assets to reduce memory usage. Loaded Objects now: 2803.
Total: 5.041800 ms (FindLiveObjects: 0.291800 ms CreateObjectMapping: 0.174400 ms MarkObjects: 4.469200 ms  DeleteObjects: 0.105600 ms)

AssetImportParameters requested are different than current active one (requested -> active):
  custom:graphics/normal-map-encoding: 01000000000000000000000000000000 -> 02000000000000000000000000000000
========================================================================
Received Import Request.
  Time since last request: 16.943363 seconds.
  path: Assets/Scripts/ButtonManager.cs
  artifactKey: Guid(6815efbd35a5de24ea64def24c3af4d0) Importer(815301076,1909f56bfc062723c751e8b465ee728b)
Start importing Assets/Scripts/ButtonManager.cs using Guid(6815efbd35a5de24ea64def24c3af4d0) Importer(815301076,1909f56bfc062723c751e8b465ee728b)  -> (artifact id: '91b974b3c0169966a84dc50d4fb5c73b') in 0.006670 seconds
  Import took 0.208413 seconds .

========================================================================
Received Prepare
Registering precompiled user dll's ...
Registered in 0.000966 seconds.
Begin MonoManager ReloadAssembly
Native extension for WindowsStandalone target not found
Native extension for WebGL target not found
Refreshing native plugins compatible for Editor in 0.74 ms, found 0 plugins.
Preloading 0 native plugins for Editor in 0.00 ms.
Invoked RoslynAnalysisRunner static constructor.
RoslynAnalysisRunner will not be running.
RoslynAnalysisRunner has terminated.
Mono: successfully reloaded assembly
- Completed reload, in  1.171 seconds
Platform modules already initialized, skipping
Switching build target platform(5) subTarget(0) extendedPlatform(0) -> platform(13) subTarget(524288) extendedPlatform(0)
Refreshing native plugins compatible for Editor in 0.34 ms, found 0 plugins.
Preloading 0 native plugins for Editor in 0.00 ms.
Unloading 2253 Unused Serialized files (Serialized files now loaded: 0)
System memory in use before: 97.3 MB.
System memory in use after: 97.4 MB.

Unloading 9 unused Assets to reduce memory usage. Loaded Objects now: 2807.
Total: 5.685100 ms (FindLiveObjects: 0.222700 ms CreateObjectMapping: 0.166800 ms MarkObjects: 5.102800 ms  DeleteObjects: 0.191500 ms)

AssetImportParameters requested are different than current active one (requested -> active):
  custom:graphics/normal-map-encoding: 01000000000000000000000000000000 -> 02000000000000000000000000000000
========================================================================
Received Import Request.
  Time since last request: 4.293139 seconds.
  path: Assets/Scripts/DataHandler1.cs
  artifactKey: Guid(b0cc985b5a15d524aa45cbe7a8a70a2c) Importer(815301076,1909f56bfc062723c751e8b465ee728b)
Start importing Assets/Scripts/DataHandler1.cs using Guid(b0cc985b5a15d524aa45cbe7a8a70a2c) Importer(815301076,1909f56bfc062723c751e8b465ee728b)  -> (artifact id: '0f2cb20aab6dff74fcf789836edacb5a') in 0.011696 seconds
  Import took 1.130585 seconds .

========================================================================
Received Import Request.
  Time since last request: 3.807039 seconds.
  path: Assets/Scripts/DataHandler.cs
  artifactKey: Guid(b0cc985b5a15d524aa45cbe7a8a70a2c) Importer(815301076,1909f56bfc062723c751e8b465ee728b)
Start importing Assets/Scripts/DataHandler.cs using Guid(b0cc985b5a15d524aa45cbe7a8a70a2c) Importer(815301076,1909f56bfc062723c751e8b465ee728b)  -> (artifact id: 'f1c0dc9fefc430806b061b34f88fe558') in 0.002665 seconds
  Import took 2.230576 seconds .

========================================================================
Received Prepare
Registering precompiled user dll's ...
Registered in 0.000966 seconds.
Begin MonoManager ReloadAssembly
Native extension for WindowsStandalone target not found
Native extension for WebGL target not found
Refreshing native plugins compatible for Editor in 0.34 ms, found 0 plugins.
Preloading 0 native plugins for Editor in 0.00 ms.
Invoked RoslynAnalysisRunner static constructor.
RoslynAnalysisRunner will not be running.
RoslynAnalysisRunner has terminated.
Mono: successfully reloaded assembly
- Completed reload, in  1.140 seconds
Platform modules already initialized, skipping
Switching build target platform(5) subTarget(0) extendedPlatform(0) -> platform(13) subTarget(524288) extendedPlatform(0)
Refreshing native plugins compatible for Editor in 0.37 ms, found 0 plugins.
Preloading 0 native plugins for Editor in 0.00 ms.
Unloading 2253 Unused Serialized files (Serialized files now loaded: 0)
System memory in use before: 97.3 MB.
System memory in use after: 97.5 MB.

Unloading 9 unused Assets to reduce memory usage. Loaded Objects now: 2811.
Total: 4.948300 ms (FindLiveObjects: 1.026300 ms CreateObjectMapping: 0.393000 ms MarkObjects: 3.397600 ms  DeleteObjects: 0.128800 ms)

AssetImportParameters requested are different than current active one (requested -> active):
  custom:graphics/normal-map-encoding: 01000000000000000000000000000000 -> 02000000000000000000000000000000
========================================================================
Received Import Request.
  Time since last request: 8.164552 seconds.
  path: Assets/Scripts/InputManager.cs
  artifactKey: Guid(05ad08f9009c9db40aa39668b70075d0) Importer(815301076,1909f56bfc062723c751e8b465ee728b)
Start importing Assets/Scripts/InputManager.cs using Guid(05ad08f9009c9db40aa39668b70075d0) Importer(815301076,1909f56bfc062723c751e8b465ee728b)  -> (artifact id: '68eb1f939bd5135407d80fe2aa9125bd') in 0.007137 seconds
  Import took 0.159662 seconds .

========================================================================
Received Prepare
Registering precompiled user dll's ...
Registered in 0.001672 seconds.
Begin MonoManager ReloadAssembly
Native extension for WindowsStandalone target not found
Native extension for WebGL target not found
Refreshing native plugins compatible for Editor in 0.33 ms, found 0 plugins.
Preloading 0 native plugins for Editor in 0.00 ms.
Invoked RoslynAnalysisRunner static constructor.
RoslynAnalysisRunner will not be running.
RoslynAnalysisRunner has terminated.
Mono: successfully reloaded assembly
- Completed reload, in  1.172 seconds
Platform modules already initialized, skipping
Switching build target platform(5) subTarget(0) extendedPlatform(0) -> platform(13) subTarget(524288) extendedPlatform(0)
Refreshing native plugins compatible for Editor in 0.38 ms, found 0 plugins.
Preloading 0 native plugins for Editor in 0.00 ms.
Unloading 2253 Unused Serialized files (Serialized files now loaded: 0)
System memory in use before: 97.3 MB.
System memory in use after: 97.5 MB.

Unloading 9 unused Assets to reduce memory usage. Loaded Objects now: 2815.
Total: 2.206400 ms (FindLiveObjects: 0.243800 ms CreateObjectMapping: 0.083700 ms MarkObjects: 1.799700 ms  DeleteObjects: 0.078200 ms)

AssetImportParameters requested are different than current active one (requested -> active):
  custom:graphics/normal-map-encoding: 01000000000000000000000000000000 -> 02000000000000000000000000000000
========================================================================
Received Import Request.
  Time since last request: 4.142221 seconds.
  path: Assets/Scripts/InteractionController.cs
  artifactKey: Guid(3de7d76b1de4bff45b764eef4b0aa2b4) Importer(815301076,1909f56bfc062723c751e8b465ee728b)
Start importing Assets/Scripts/InteractionController.cs using Guid(3de7d76b1de4bff45b764eef4b0aa2b4) Importer(815301076,1909f56bfc062723c751e8b465ee728b)  -> (artifact id: '3da1da1bc8f0226708112da5f2b5bd2c') in 0.005405 seconds
  Import took 0.086925 seconds .

========================================================================
Received Import Request.
  Time since last request: 0.307914 seconds.
  path: Assets/Scripts/Item1.cs
  artifactKey: Guid(2b02ad6dee9e2824ba0f240ce7c1f37a) Importer(815301076,1909f56bfc062723c751e8b465ee728b)
Start importing Assets/Scripts/Item1.cs using Guid(2b02ad6dee9e2824ba0f240ce7c1f37a) Importer(815301076,1909f56bfc062723c751e8b465ee728b)  -> (artifact id: 'e6d5792addf41b8d54e95f2806514ad8') in 0.003759 seconds
  Import took 0.035323 seconds .

========================================================================
Received Import Request.
  Time since last request: 4.889507 seconds.
  path: Assets/Scripts/Item.cs
  artifactKey: Guid(2b02ad6dee9e2824ba0f240ce7c1f37a) Importer(815301076,1909f56bfc062723c751e8b465ee728b)
Start importing Assets/Scripts/Item.cs using Guid(2b02ad6dee9e2824ba0f240ce7c1f37a) Importer(815301076,1909f56bfc062723c751e8b465ee728b)  -> (artifact id: 'd0173b885b3717d50c817b41a1e4f6b7') in 0.003038 seconds
  Import took 0.135774 seconds .

========================================================================
Received Prepare
Registering precompiled user dll's ...
Registered in 0.001056 seconds.
Begin MonoManager ReloadAssembly
Native extension for WindowsStandalone target not found
Native extension for WebGL target not found
Refreshing native plugins compatible for Editor in 0.35 ms, found 0 plugins.
Preloading 0 native plugins for Editor in 0.00 ms.
Invoked RoslynAnalysisRunner static constructor.
RoslynAnalysisRunner will not be running.
RoslynAnalysisRunner has terminated.
Mono: successfully reloaded assembly
- Completed reload, in  1.032 seconds
Platform modules already initialized, skipping
Switching build target platform(5) subTarget(0) extendedPlatform(0) -> platform(13) subTarget(524288) extendedPlatform(0)
Refreshing native plugins compatible for Editor in 0.78 ms, found 0 plugins.
Preloading 0 native plugins for Editor in 0.00 ms.
Unloading 2253 Unused Serialized files (Serialized files now loaded: 0)
System memory in use before: 97.3 MB.
System memory in use after: 97.5 MB.

Unloading 9 unused Assets to reduce memory usage. Loaded Objects now: 2819.
Total: 2.462200 ms (FindLiveObjects: 0.298100 ms CreateObjectMapping: 0.112600 ms MarkObjects: 1.916600 ms  DeleteObjects: 0.133500 ms)

AssetImportParameters requested are different than current active one (requested -> active):
  custom:graphics/normal-map-encoding: 01000000000000000000000000000000 -> 02000000000000000000000000000000
========================================================================
Received Import Request.
  Time since last request: 3.991215 seconds.
  path: Assets/Scripts/UIContentFitter1.cs
  artifactKey: Guid(50f9cd0831516384783eea10a75acc89) Importer(815301076,1909f56bfc062723c751e8b465ee728b)
Start importing Assets/Scripts/UIContentFitter1.cs using Guid(50f9cd0831516384783eea10a75acc89) Importer(815301076,1909f56bfc062723c751e8b465ee728b)  -> (artifact id: 'f6fb0648d57710c31275025f43337a54') in 0.012230 seconds
  Import took 0.019283 seconds .

========================================================================
Received Import Request.
  Time since last request: 4.943149 seconds.
  path: Assets/Scripts/UIContentFitter.cs
  artifactKey: Guid(50f9cd0831516384783eea10a75acc89) Importer(815301076,1909f56bfc062723c751e8b465ee728b)
Start importing Assets/Scripts/UIContentFitter.cs using Guid(50f9cd0831516384783eea10a75acc89) Importer(815301076,1909f56bfc062723c751e8b465ee728b)  -> (artifact id: '0a2d52ad1f4f38cdef8d1409e9e8a0a0') in 0.003744 seconds
  Import took 0.138515 seconds .

========================================================================
Received Prepare
Registering precompiled user dll's ...
Registered in 0.000935 seconds.
Begin MonoManager ReloadAssembly
Native extension for WindowsStandalone target not found
Native extension for WebGL target not found
Refreshing native plugins compatible for Editor in 0.33 ms, found 0 plugins.
Preloading 0 native plugins for Editor in 0.00 ms.
Invoked RoslynAnalysisRunner static constructor.
RoslynAnalysisRunner will not be running.
RoslynAnalysisRunner has terminated.
Mono: successfully reloaded assembly
- Completed reload, in  1.189 seconds
Platform modules already initialized, skipping
Switching build target platform(5) subTarget(0) extendedPlatform(0) -> platform(13) subTarget(524288) extendedPlatform(0)
Refreshing native plugins compatible for Editor in 0.35 ms, found 0 plugins.
Preloading 0 native plugins for Editor in 0.00 ms.
Unloading 2253 Unused Serialized files (Serialized files now loaded: 0)
System memory in use before: 97.3 MB.
System memory in use after: 97.5 MB.

Unloading 9 unused Assets to reduce memory usage. Loaded Objects now: 2823.
Total: 3.397900 ms (FindLiveObjects: 0.232700 ms CreateObjectMapping: 0.139500 ms MarkObjects: 2.881700 ms  DeleteObjects: 0.142800 ms)

AssetImportParameters requested are different than current active one (requested -> active):
  custom:graphics/normal-map-encoding: 01000000000000000000000000000000 -> 02000000000000000000000000000000
========================================================================
Received Import Request.
  Time since last request: 4.055549 seconds.
  path: Assets/Scripts/UIManager1.cs
  artifactKey: Guid(c3bd8855b1cf6f94c84dfc9a8343c092) Importer(815301076,1909f56bfc062723c751e8b465ee728b)
Start importing Assets/Scripts/UIManager1.cs using Guid(c3bd8855b1cf6f94c84dfc9a8343c092) Importer(815301076,1909f56bfc062723c751e8b465ee728b)  -> (artifact id: '68314be3f5bd94a3dbff3035f3e1c85f') in 0.018406 seconds
  Import took 0.057675 seconds .

========================================================================
Received Import Request.
  Time since last request: 4.747190 seconds.
  path: Assets/Scripts/UIManager.cs
  artifactKey: Guid(c3bd8855b1cf6f94c84dfc9a8343c092) Importer(815301076,1909f56bfc062723c751e8b465ee728b)
Start importing Assets/Scripts/UIManager.cs using Guid(c3bd8855b1cf6f94c84dfc9a8343c092) Importer(815301076,1909f56bfc062723c751e8b465ee728b)  -> (artifact id: 'ec70a8007d25a6a046d42b2b5fee171d') in 0.003121 seconds
  Import took 0.204285 seconds .

========================================================================
Received Prepare
Registering precompiled user dll's ...
Registered in 0.000919 seconds.
Begin MonoManager ReloadAssembly
Native extension for WindowsStandalone target not found
Native extension for WebGL target not found
Refreshing native plugins compatible for Editor in 0.38 ms, found 0 plugins.
Preloading 0 native plugins for Editor in 0.00 ms.
Invoked RoslynAnalysisRunner static constructor.
RoslynAnalysisRunner will not be running.
RoslynAnalysisRunner has terminated.
Mono: successfully reloaded assembly
- Completed reload, in  1.079 seconds
Platform modules already initialized, skipping
Switching build target platform(5) subTarget(0) extendedPlatform(0) -> platform(13) subTarget(524288) extendedPlatform(0)
Refreshing native plugins compatible for Editor in 0.50 ms, found 0 plugins.
Preloading 0 native plugins for Editor in 0.00 ms.
Unloading 2253 Unused Serialized files (Serialized files now loaded: 0)
System memory in use before: 97.3 MB.
System memory in use after: 97.5 MB.

Unloading 9 unused Assets to reduce memory usage. Loaded Objects now: 2827.
Total: 3.466800 ms (FindLiveObjects: 0.333100 ms CreateObjectMapping: 0.135700 ms MarkObjects: 2.919400 ms  DeleteObjects: 0.076900 ms)

AssetImportParameters requested are different than current active one (requested -> active):
  custom:graphics/normal-map-encoding: 01000000000000000000000000000000 -> 02000000000000000000000000000000
========================================================================
Received Import Request.
  Time since last request: 116.610203 seconds.
  path: Assets/Prefab/Button.prefab
  artifactKey: Guid(93faefd18bd23b143b32d8892d82a187) Importer(815301076,1909f56bfc062723c751e8b465ee728b)
Start importing Assets/Prefab/Button.prefab using Guid(93faefd18bd23b143b32d8892d82a187) Importer(815301076,1909f56bfc062723c751e8b465ee728b)  -> (artifact id: '7a24d9a2371a5116e681a9fe25f79c12') in 0.207767 seconds
  Import took 0.314569 seconds .

========================================================================
Received Prepare
Registering precompiled user dll's ...
Registered in 0.063199 seconds.
Begin MonoManager ReloadAssembly
Native extension for WindowsStandalone target not found
Native extension for WebGL target not found
Refreshing native plugins compatible for Editor in 0.35 ms, found 0 plugins.
Preloading 0 native plugins for Editor in 0.00 ms.
Invoked RoslynAnalysisRunner static constructor.
RoslynAnalysisRunner will not be running.
RoslynAnalysisRunner has terminated.
Mono: successfully reloaded assembly
- Completed reload, in  2.544 seconds
Platform modules already initialized, skipping
Switching build target platform(5) subTarget(0) extendedPlatform(0) -> platform(13) subTarget(524288) extendedPlatform(0)
Refreshing native plugins compatible for Editor in 0.69 ms, found 0 plugins.
Preloading 0 native plugins for Editor in 0.00 ms.
Unloading 2253 Unused Serialized files (Serialized files now loaded: 0)
System memory in use before: 97.3 MB.
System memory in use after: 97.5 MB.

Unloading 9 unused Assets to reduce memory usage. Loaded Objects now: 2831.
Total: 5.731000 ms (FindLiveObjects: 0.379500 ms CreateObjectMapping: 0.260600 ms MarkObjects: 4.972000 ms  DeleteObjects: 0.117400 ms)

AssetImportParameters requested are different than current active one (requested -> active):
  custom:graphics/normal-map-encoding: 01000000000000000000000000000000 -> 02000000000000000000000000000000
========================================================================
Received Import Request.
  Time since last request: 388.256793 seconds.
  path: Assets/AddressableAssets/Items/Statue.asset
  artifactKey: Guid(ad8531484b7311f4eaf85704e3ef568d) Importer(815301076,1909f56bfc062723c751e8b465ee728b)
Start importing Assets/AddressableAssets/Items/Statue.asset using Guid(ad8531484b7311f4eaf85704e3ef568d) Importer(815301076,1909f56bfc062723c751e8b465ee728b)  -> (artifact id: '8f5b5737fbb2790e87aaad5c8d6ba5e0') in 0.131335 seconds
  Import took 0.210003 seconds .

========================================================================
Received Prepare
Registering precompiled user dll's ...
Registered in 0.000983 seconds.
Begin MonoManager ReloadAssembly
Native extension for WindowsStandalone target not found
Native extension for WebGL target not found
Refreshing native plugins compatible for Editor in 0.55 ms, found 0 plugins.
Preloading 0 native plugins for Editor in 0.00 ms.
Invoked RoslynAnalysisRunner static constructor.
RoslynAnalysisRunner will not be running.
RoslynAnalysisRunner has terminated.
Mono: successfully reloaded assembly
- Completed reload, in  1.288 seconds
Platform modules already initialized, skipping
Switching build target platform(5) subTarget(0) extendedPlatform(0) -> platform(13) subTarget(524288) extendedPlatform(0)
Refreshing native plugins compatible for Editor in 0.34 ms, found 0 plugins.
Preloading 0 native plugins for Editor in 0.00 ms.
Unloading 2253 Unused Serialized files (Serialized files now loaded: 0)
System memory in use before: 97.3 MB.
System memory in use after: 97.5 MB.

Unloading 9 unused Assets to reduce memory usage. Loaded Objects now: 2835.
Total: 2.572900 ms (FindLiveObjects: 0.316700 ms CreateObjectMapping: 0.092100 ms MarkObjects: 2.076200 ms  DeleteObjects: 0.086600 ms)

AssetImportParameters requested are different than current active one (requested -> active):
  custom:graphics/normal-map-encoding: 01000000000000000000000000000000 -> 02000000000000000000000000000000
========================================================================
Received Import Request.
  Time since last request: 193.017611 seconds.
  path: Assets/AddressableAssetsData/AssetGroups/Models.asset
  artifactKey: Guid(5948711fd113b3f49bb1da517b2aed5e) Importer(815301076,1909f56bfc062723c751e8b465ee728b)
Start importing Assets/AddressableAssetsData/AssetGroups/Models.asset using Guid(5948711fd113b3f49bb1da517b2aed5e) Importer(815301076,1909f56bfc062723c751e8b465ee728b)  -> (artifact id: 'e4ba1ba79d48606353fcc9ce262fc4df') in 0.165269 seconds
  Import took 0.233216 seconds .

========================================================================
Received Import Request.
  Time since last request: 12.395425 seconds.
  path: Assets/AddressableAssetsData/AssetGroups/Default Local Group.asset
  artifactKey: Guid(9a10c2cd2536ba1478904c8229e6a12d) Importer(815301076,1909f56bfc062723c751e8b465ee728b)
Start importing Assets/AddressableAssetsData/AssetGroups/Default Local Group.asset using Guid(9a10c2cd2536ba1478904c8229e6a12d) Importer(815301076,1909f56bfc062723c751e8b465ee728b)  -> (artifact id: 'ba22339e8f4def5743cf5d460c088674') in 0.154880 seconds
  Import took 0.202779 seconds .

========================================================================
Received Import Request.
  Time since last request: 3.953980 seconds.
  path: Assets/AddressableAssetsData/DataBuilders
  artifactKey: Guid(e130ed6e6bb47974591a293a5ee5c76f) Importer(815301076,1909f56bfc062723c751e8b465ee728b)
Start importing Assets/AddressableAssetsData/DataBuilders using Guid(e130ed6e6bb47974591a293a5ee5c76f) Importer(815301076,1909f56bfc062723c751e8b465ee728b)  -> (artifact id: 'c5959fcbce0e28974ae8f28b302a6360') in 0.160494 seconds
  Import took 0.295023 seconds .

========================================================================
Received Import Request.
  Time since last request: 0.584502 seconds.
  path: Assets/AddressableAssetsData/DefaultObject.asset
  artifactKey: Guid(d8059f74476dafa4f83c44afe53a3ae3) Importer(815301076,1909f56bfc062723c751e8b465ee728b)
Start importing Assets/AddressableAssetsData/DefaultObject.asset using Guid(d8059f74476dafa4f83c44afe53a3ae3) Importer(815301076,1909f56bfc062723c751e8b465ee728b)  -> (artifact id: '2fcada4a59199f07579f36c053100146') in 0.045769 seconds
  Import took 0.198923 seconds .

========================================================================
Received Import Request.
  Time since last request: 0.864932 seconds.
  path: Assets/AddressableAssetsData/AddressableAssetSettings.asset
  artifactKey: Guid(1b366c74b4d6c6d4383b53f12d4300f7) Importer(815301076,1909f56bfc062723c751e8b465ee728b)
Start importing Assets/AddressableAssetsData/AddressableAssetSettings.asset using Guid(1b366c74b4d6c6d4383b53f12d4300f7) Importer(815301076,1909f56bfc062723c751e8b465ee728b)  -> (artifact id: 'a4ca2352e9ba8f5267957e1262658f9d') in 0.296599 seconds
  Import took 0.414583 seconds .

========================================================================
Received Prepare
Registering precompiled user dll's ...
Registered in 0.001177 seconds.
Begin MonoManager ReloadAssembly
Native extension for WindowsStandalone target not found
Native extension for WebGL target not found
Refreshing native plugins compatible for Editor in 0.35 ms, found 0 plugins.
Preloading 0 native plugins for Editor in 0.00 ms.
Invoked RoslynAnalysisRunner static constructor.
RoslynAnalysisRunner will not be running.
RoslynAnalysisRunner has terminated.
Mono: successfully reloaded assembly
- Completed reload, in  1.174 seconds
Platform modules already initialized, skipping
Switching build target platform(5) subTarget(0) extendedPlatform(0) -> platform(13) subTarget(524288) extendedPlatform(0)
Refreshing native plugins compatible for Editor in 0.67 ms, found 0 plugins.
Preloading 0 native plugins for Editor in 0.00 ms.
Unloading 2259 Unused Serialized files (Serialized files now loaded: 0)
System memory in use before: 97.5 MB.
System memory in use after: 97.7 MB.

Unloading 10 unused Assets to reduce memory usage. Loaded Objects now: 2844.
Total: 6.464000 ms (FindLiveObjects: 0.514100 ms CreateObjectMapping: 0.111500 ms MarkObjects: 5.759200 ms  DeleteObjects: 0.077700 ms)

AssetImportParameters requested are different than current active one (requested -> active):
  custom:graphics/normal-map-encoding: 01000000000000000000000000000000 -> 02000000000000000000000000000000
========================================================================
Received Import Request.
  Time since last request: 1043.319884 seconds.
  path: Assets/Prefab/Button.prefab
  artifactKey: Guid(93faefd18bd23b143b32d8892d82a187) Importer(815301076,1909f56bfc062723c751e8b465ee728b)
Start importing Assets/Prefab/Button.prefab using Guid(93faefd18bd23b143b32d8892d82a187) Importer(815301076,1909f56bfc062723c751e8b465ee728b)  -> (artifact id: 'b8b972404d4cda6fc774dc26bf43d3bf') in 0.042267 seconds
  Import took 0.050631 seconds .

========================================================================
Received Import Request.
  Time since last request: 171.171371 seconds.
  path: Assets/Prefab/crosshair.prefab
  artifactKey: Guid(d51c25e93bff812489f7024e9afb81c3) Importer(815301076,1909f56bfc062723c751e8b465ee728b)
Start importing Assets/Prefab/crosshair.prefab using Guid(d51c25e93bff812489f7024e9afb81c3) Importer(815301076,1909f56bfc062723c751e8b465ee728b)  -> (artifact id: '353fa738eedd6a5aa6322d91a683c6ba') in 1.685340 seconds
  Import took 1.781159 seconds .

========================================================================
Received Import Request.
  Time since last request: 481.654895 seconds.
  path: Assets/Scenes
  artifactKey: Guid(aefc56759868c12418698365bca5d7b2) Importer(815301076,1909f56bfc062723c751e8b465ee728b)
Start importing Assets/Scenes using Guid(aefc56759868c12418698365bca5d7b2) Importer(815301076,1909f56bfc062723c751e8b465ee728b)  -> (artifact id: '48c50958f0e7a51805c0224f5443473f') in 0.020885 seconds
  Import took 0.096427 seconds .

========================================================================
Received Import Request.
  Time since last request: 57.157808 seconds.
  path: Assets/source/TajMahal2.fbx
  artifactKey: Guid(29203b11c89f37a498b30effc533879b) Importer(815301076,1909f56bfc062723c751e8b465ee728b)
Start importing Assets/source/TajMahal2.fbx using Guid(29203b11c89f37a498b30effc533879b) Importer(815301076,1909f56bfc062723c751e8b465ee728b)  -> (artifact id: 'a26322344868fdf2c53f3eceec7caa77') in 1.539350 seconds
  Import took 1.569006 seconds .

========================================================================
Received Prepare
Registering precompiled user dll's ...
Registered in 0.002011 seconds.
Begin MonoManager ReloadAssembly
Native extension for WindowsStandalone target not found
Native extension for WebGL target not found
Refreshing native plugins compatible for Editor in 0.61 ms, found 0 plugins.
Preloading 0 native plugins for Editor in 0.00 ms.
Invoked RoslynAnalysisRunner static constructor.
RoslynAnalysisRunner will not be running.
RoslynAnalysisRunner has terminated.
Mono: successfully reloaded assembly
- Completed reload, in  2.094 seconds
Platform modules already initialized, skipping
Switching build target platform(5) subTarget(0) extendedPlatform(0) -> platform(13) subTarget(524288) extendedPlatform(0)
Refreshing native plugins compatible for Editor in 0.42 ms, found 0 plugins.
Preloading 0 native plugins for Editor in 0.00 ms.
Unloading 2253 Unused Serialized files (Serialized files now loaded: 0)
System memory in use before: 100.8 MB.
System memory in use after: 101.0 MB.

Unloading 9 unused Assets to reduce memory usage. Loaded Objects now: 2891.
Total: 2.977200 ms (FindLiveObjects: 0.317000 ms CreateObjectMapping: 0.133400 ms MarkObjects: 2.421300 ms  DeleteObjects: 0.103200 ms)

AssetImportParameters requested are different than current active one (requested -> active):
  custom:graphics/normal-map-encoding: 01000000000000000000000000000000 -> 02000000000000000000000000000000
========================================================================
Received Import Request.
  Time since last request: 1950.037639 seconds.
  path: Assets/XR/XRGeneralSettings.asset
  artifactKey: Guid(cf919831841f3804fa9414a657d3af93) Importer(815301076,1909f56bfc062723c751e8b465ee728b)
Start importing Assets/XR/XRGeneralSettings.asset using Guid(cf919831841f3804fa9414a657d3af93) Importer(815301076,1909f56bfc062723c751e8b465ee728b)  -> (artifact id: '0f15f7aa576f68849c736067db350111') in 0.446347 seconds
  Import took 0.650979 seconds .

========================================================================
Received Import Request.
  Time since last request: 0.000416 seconds.
  path: Assets/XR/Settings/AR Core Settings.asset
  artifactKey: Guid(12cbded4013d795478edc380191ca5e9) Importer(815301076,1909f56bfc062723c751e8b465ee728b)
Start importing Assets/XR/Settings/AR Core Settings.asset using Guid(12cbded4013d795478edc380191ca5e9) Importer(815301076,1909f56bfc062723c751e8b465ee728b)  -> (artifact id: '50d4daa95dcecd41994965f63c51d972') in 0.034788 seconds
  Import took 0.101717 seconds .

========================================================================
Received Import Request.
  Time since last request: 0.000507 seconds.
  path: Assets/XR/Settings/AR Core Loader Settings.asset
  artifactKey: Guid(b17e98e560bae9c40b895f026ecd2672) Importer(815301076,1909f56bfc062723c751e8b465ee728b)
Start importing Assets/XR/Settings/AR Core Loader Settings.asset using Guid(b17e98e560bae9c40b895f026ecd2672) Importer(815301076,1909f56bfc062723c751e8b465ee728b)  -> (artifact id: 'e5c5a5a4f45120b842b9ea5aec3523b9') in 0.007210 seconds
  Import took 0.082314 seconds .

========================================================================
Received Import Request.
  Time since last request: 0.000420 seconds.
  path: Assets/XR/Loaders/AR Core Loader.asset
  artifactKey: Guid(3f97fbcd71c71ee4aa98e3b5aa0ee9ed) Importer(815301076,1909f56bfc062723c751e8b465ee728b)
Start importing Assets/XR/Loaders/AR Core Loader.asset using Guid(3f97fbcd71c71ee4aa98e3b5aa0ee9ed) Importer(815301076,1909f56bfc062723c751e8b465ee728b)  -> (artifact id: 'e25aa6056364e789bf91d71ed223409d') in 0.072934 seconds
  Import took 0.149192 seconds .

========================================================================
Received Import Request.
  Time since last request: 5.445048 seconds.
  path: Assets/Plugins/Demigiant/DOTween/Editor/Imgs/Footer_dark.png
  artifactKey: Guid(519694efe2bb2914788b151fbd8c01f4) Importer(815301076,1909f56bfc062723c751e8b465ee728b)
Start importing Assets/Plugins/Demigiant/DOTween/Editor/Imgs/Footer_dark.png using Guid(519694efe2bb2914788b151fbd8c01f4) Importer(815301076,1909f56bfc062723c751e8b465ee728b)  -> (artifact id: 'ea8efff494646c3533b31afa14e850b9') in 0.623809 seconds
  Import took 0.774487 seconds .

========================================================================
Received Prepare
Registering precompiled user dll's ...
Registered in 0.001433 seconds.
Begin MonoManager ReloadAssembly
Native extension for WindowsStandalone target not found
Native extension for WebGL target not found
Refreshing native plugins compatible for Editor in 0.47 ms, found 0 plugins.
Preloading 0 native plugins for Editor in 0.00 ms.
Invoked RoslynAnalysisRunner static constructor.
RoslynAnalysisRunner will not be running.
RoslynAnalysisRunner has terminated.
Mono: successfully reloaded assembly
- Completed reload, in  1.756 seconds
Platform modules already initialized, skipping
Switching build target platform(5) subTarget(0) extendedPlatform(0) -> platform(13) subTarget(524288) extendedPlatform(0)
Refreshing native plugins compatible for Editor in 0.61 ms, found 0 plugins.
Preloading 0 native plugins for Editor in 0.00 ms.
Unloading 2253 Unused Serialized files (Serialized files now loaded: 0)
System memory in use before: 100.8 MB.
System memory in use after: 101.0 MB.

Unloading 9 unused Assets to reduce memory usage. Loaded Objects now: 2897.
Total: 2.544400 ms (FindLiveObjects: 0.289800 ms CreateObjectMapping: 0.123200 ms MarkObjects: 2.015300 ms  DeleteObjects: 0.115100 ms)

AssetImportParameters requested are different than current active one (requested -> active):
  custom:graphics/normal-map-encoding: 01000000000000000000000000000000 -> 02000000000000000000000000000000
========================================================================
Received Prepare
Registering precompiled user dll's ...
Registered in 0.003182 seconds.
Begin MonoManager ReloadAssembly
Native extension for WindowsStandalone target not found
Native extension for WebGL target not found
Refreshing native plugins compatible for Editor in 0.58 ms, found 0 plugins.
Preloading 0 native plugins for Editor in 0.00 ms.
Invoked RoslynAnalysisRunner static constructor.
RoslynAnalysisRunner will not be running.
RoslynAnalysisRunner has terminated.
Mono: successfully reloaded assembly
- Completed reload, in  3.240 seconds
Platform modules already initialized, skipping
Switching build target platform(5) subTarget(0) extendedPlatform(0) -> platform(13) subTarget(524288) extendedPlatform(0)
Refreshing native plugins compatible for Editor in 0.43 ms, found 0 plugins.
Preloading 0 native plugins for Editor in 0.00 ms.
Unloading 2253 Unused Serialized files (Serialized files now loaded: 0)
System memory in use before: 100.8 MB.
System memory in use after: 101.0 MB.

Unloading 9 unused Assets to reduce memory usage. Loaded Objects now: 2901.
Total: 4.261800 ms (FindLiveObjects: 0.253600 ms CreateObjectMapping: 0.155300 ms MarkObjects: 3.175200 ms  DeleteObjects: 0.673600 ms)

AssetImportParameters requested are different than current active one (requested -> active):
  custom:graphics/normal-map-encoding: 01000000000000000000000000000000 -> 02000000000000000000000000000000
========================================================================
Received Prepare
Registering precompiled user dll's ...
Registered in 0.009904 seconds.
Begin MonoManager ReloadAssembly
Native extension for WindowsStandalone target not found
Native extension for WebGL target not found
Refreshing native plugins compatible for Editor in 0.45 ms, found 0 plugins.
Preloading 0 native plugins for Editor in 0.00 ms.
Invoked RoslynAnalysisRunner static constructor.
RoslynAnalysisRunner will not be running.
RoslynAnalysisRunner has terminated.
Mono: successfully reloaded assembly
- Completed reload, in  1.449 seconds
Platform modules already initialized, skipping
Switching build target platform(5) subTarget(0) extendedPlatform(0) -> platform(13) subTarget(524288) extendedPlatform(0)
Refreshing native plugins compatible for Editor in 0.34 ms, found 0 plugins.
Preloading 0 native plugins for Editor in 0.00 ms.
Unloading 2253 Unused Serialized files (Serialized files now loaded: 0)
System memory in use before: 100.8 MB.
System memory in use after: 101.0 MB.

Unloading 9 unused Assets to reduce memory usage. Loaded Objects now: 2905.
Total: 3.739600 ms (FindLiveObjects: 0.460800 ms CreateObjectMapping: 0.110300 ms MarkObjects: 3.032400 ms  DeleteObjects: 0.134300 ms)

AssetImportParameters requested are different than current active one (requested -> active):
  custom:graphics/normal-map-encoding: 01000000000000000000000000000000 -> 02000000000000000000000000000000
========================================================================
Received Import Request.
  Time since last request: 13118.553629 seconds.
  path: Assets/Scripts/ButtonManager.cs
  artifactKey: Guid(6815efbd35a5de24ea64def24c3af4d0) Importer(815301076,1909f56bfc062723c751e8b465ee728b)
Start importing Assets/Scripts/ButtonManager.cs using Guid(6815efbd35a5de24ea64def24c3af4d0) Importer(815301076,1909f56bfc062723c751e8b465ee728b)  -> (artifact id: '7e825149e60ddc71ec1f66f927929a7b') in 0.077774 seconds
  Import took 0.138206 seconds .

========================================================================
Received Prepare
Registering precompiled user dll's ...
Registered in 0.002394 seconds.
Begin MonoManager ReloadAssembly
Native extension for WindowsStandalone target not found
Native extension for WebGL target not found
Refreshing native plugins compatible for Editor in 0.62 ms, found 0 plugins.
Preloading 0 native plugins for Editor in 0.00 ms.
Invoked RoslynAnalysisRunner static constructor.
RoslynAnalysisRunner will not be running.
RoslynAnalysisRunner has terminated.
Mono: successfully reloaded assembly
- Completed reload, in  1.435 seconds
Platform modules already initialized, skipping
Switching build target platform(5) subTarget(0) extendedPlatform(0) -> platform(13) subTarget(524288) extendedPlatform(0)
Refreshing native plugins compatible for Editor in 0.33 ms, found 0 plugins.
Preloading 0 native plugins for Editor in 0.00 ms.
Unloading 2253 Unused Serialized files (Serialized files now loaded: 0)
System memory in use before: 100.8 MB.
System memory in use after: 101.0 MB.

Unloading 9 unused Assets to reduce memory usage. Loaded Objects now: 2909.
Total: 3.339100 ms (FindLiveObjects: 0.347600 ms CreateObjectMapping: 0.081500 ms MarkObjects: 2.747700 ms  DeleteObjects: 0.160100 ms)

AssetImportParameters requested are different than current active one (requested -> active):
  custom:graphics/normal-map-encoding: 01000000000000000000000000000000 -> 02000000000000000000000000000000
========================================================================
Received Prepare
Registering precompiled user dll's ...
Registered in 0.000956 seconds.
Begin MonoManager ReloadAssembly
Native extension for WindowsStandalone target not found
Native extension for WebGL target not found
Refreshing native plugins compatible for Editor in 0.39 ms, found 0 plugins.
Preloading 0 native plugins for Editor in 0.00 ms.
Invoked RoslynAnalysisRunner static constructor.
RoslynAnalysisRunner will not be running.
RoslynAnalysisRunner has terminated.
Mono: successfully reloaded assembly
- Completed reload, in  1.292 seconds
Platform modules already initialized, skipping
Switching build target platform(5) subTarget(0) extendedPlatform(0) -> platform(13) subTarget(524288) extendedPlatform(0)
Refreshing native plugins compatible for Editor in 0.34 ms, found 0 plugins.
Preloading 0 native plugins for Editor in 0.00 ms.
Unloading 2253 Unused Serialized files (Serialized files now loaded: 0)
System memory in use before: 100.8 MB.
System memory in use after: 101.0 MB.

Unloading 8 unused Assets to reduce memory usage. Loaded Objects now: 2914.
Total: 4.621400 ms (FindLiveObjects: 0.364200 ms CreateObjectMapping: 0.095600 ms MarkObjects: 4.066500 ms  DeleteObjects: 0.093900 ms)

AssetImportParameters requested are different than current active one (requested -> active):
  custom:graphics/normal-map-encoding: 01000000000000000000000000000000 -> 02000000000000000000000000000000
========================================================================
Received Prepare
Refreshing native plugins compatible for Editor in 111.45 ms, found 0 plugins.
Preloading 0 native plugins for Editor in 0.00 ms.
Unloading 5 Unused Serialized files (Serialized files now loaded: 0)
System memory in use before: 56.2 MB.
System memory in use after: 56.4 MB.

Unloading 5 unused Assets to reduce memory usage. Loaded Objects now: 2914.
Total: 6.292300 ms (FindLiveObjects: 1.282800 ms CreateObjectMapping: 0.163000 ms MarkObjects: 4.647200 ms  DeleteObjects: 0.197000 ms)

========================================================================
Received Prepare
Refreshing native plugins compatible for Editor in 2.38 ms, found 0 plugins.
Preloading 0 native plugins for Editor in 0.00 ms.
Unloading 5 Unused Serialized files (Serialized files now loaded: 0)
System memory in use before: 56.2 MB.
System memory in use after: 56.4 MB.

Unloading 5 unused Assets to reduce memory usage. Loaded Objects now: 2914.
Total: 6.369200 ms (FindLiveObjects: 0.458300 ms CreateObjectMapping: 0.159200 ms MarkObjects: 5.644000 ms  DeleteObjects: 0.104900 ms)

========================================================================
Received Import Request.
  Time since last request: 1254.662996 seconds.
  path: Assets/AddressableAssets/Items/chair.asset
  artifactKey: Guid(6c427ba96ce234549993c6120615d158) Importer(815301076,1909f56bfc062723c751e8b465ee728b)
Start importing Assets/AddressableAssets/Items/chair.asset using Guid(6c427ba96ce234549993c6120615d158) Importer(815301076,1909f56bfc062723c751e8b465ee728b)  -> (artifact id: '41deec84acfab2387a7ca2a30a842704') in 0.413332 seconds
  Import took 0.958268 seconds .

========================================================================
Received Import Request.
  Time since last request: 0.631109 seconds.
  path: Assets/AddressableAssets/Items/Statue.asset
  artifactKey: Guid(ad8531484b7311f4eaf85704e3ef568d) Importer(815301076,1909f56bfc062723c751e8b465ee728b)
Start importing Assets/AddressableAssets/Items/Statue.asset using Guid(ad8531484b7311f4eaf85704e3ef568d) Importer(815301076,1909f56bfc062723c751e8b465ee728b)  -> (artifact id: '77eb57d35e4cf41e35cced9034ea5b51') in 0.073247 seconds
  Import took 0.291220 seconds .

========================================================================
Received Prepare
Registering precompiled user dll's ...
Registered in 0.002104 seconds.
Begin MonoManager ReloadAssembly
Native extension for WindowsStandalone target not found
Native extension for WebGL target not found
Refreshing native plugins compatible for Editor in 0.34 ms, found 0 plugins.
Preloading 0 native plugins for Editor in 0.00 ms.
Invoked RoslynAnalysisRunner static constructor.
RoslynAnalysisRunner will not be running.
RoslynAnalysisRunner has terminated.
Mono: successfully reloaded assembly
- Completed reload, in  3.506 seconds
Platform modules already initialized, skipping
Switching build target platform(5) subTarget(0) extendedPlatform(0) -> platform(13) subTarget(524288) extendedPlatform(0)
Refreshing native plugins compatible for Editor in 0.68 ms, found 0 plugins.
Preloading 0 native plugins for Editor in 0.00 ms.
Unloading 2252 Unused Serialized files (Serialized files now loaded: 0)
System memory in use before: 100.8 MB.
System memory in use after: 101.0 MB.

Unloading 8 unused Assets to reduce memory usage. Loaded Objects now: 2918.
Total: 2.606700 ms (FindLiveObjects: 0.283400 ms CreateObjectMapping: 0.081400 ms MarkObjects: 2.175500 ms  DeleteObjects: 0.065000 ms)

AssetImportParameters requested are different than current active one (requested -> active):
  custom:graphics/normal-map-encoding: 01000000000000000000000000000000 -> 02000000000000000000000000000000
AssetImportWorkerClient::OnTransportError - code=2 error=End of file
