Using pre-set license
Built from '2020.3/staging' branch; Version is '2020.3.0f1 (c7b5465681fb) revision 13088070'; Using compiler version '192528614'; Build Type 'Release'
OS: 'Windows 10 Home Single Language; OS build 19043.1052; Version 2009; 64bit' Language: 'en' Physical Memory: 7959 MB
BatchMode: 1, IsHumanControllingUs: 0, StartBugReporterOnCrash: 0, Is64bit: 1, IsPro: 0

 COMMAND LINE ARGUMENTS:
F:\Unity Editors\2020.3.0f1\Editor\Unity.exe
-adb2
-batchMode
-noUpm
-name
AssetImportWorker4
-projectPath
E:/Unity Projects/AR_object_locater
-logFile
Logs/AssetImportWorker4.log
-srvPort
64451
Successfully changed project path to: E:/Unity Projects/AR_object_locater
E:/Unity Projects/AR_object_locater
Using Asset Import Pipeline V2.
Refreshing native plugins compatible for Editor in 100.34 ms, found 0 plugins.
Preloading 0 native plugins for Editor in 0.00 ms.
Initialize engine version: 2020.3.0f1 (c7b5465681fb)
[Subsystems] Discovering subsystems at path F:/Unity Editors/2020.3.0f1/Editor/Data/Resources/UnitySubsystems
[Subsystems] Discovering subsystems at path E:/Unity Projects/AR_object_locater/Assets
GfxDevice: creating device client; threaded=0
Direct3D:
    Version:  Direct3D 11.0 [level 11.1]
    Renderer: Intel(R) UHD Graphics (ID=0x8a56)
    Vendor:   
    VRAM:     3979 MB
    Driver:   26.20.100.7463
Initialize mono
Mono path[0] = 'F:/Unity Editors/2020.3.0f1/Editor/Data/Managed'
Mono path[1] = 'F:/Unity Editors/2020.3.0f1/Editor/Data/MonoBleedingEdge/lib/mono/unityjit'
Mono config path = 'F:/Unity Editors/2020.3.0f1/Editor/Data/MonoBleedingEdge/etc'
Using monoOptions --debugger-agent=transport=dt_socket,embedding=1,server=y,suspend=n,address=127.0.0.1:56964
Begin MonoManager ReloadAssembly
Registering precompiled unity dll's ...
Register platform support module: F:/Unity Editors/2020.3.0f1/Editor/Data/PlaybackEngines/WebGLSupport/UnityEditor.WebGL.Extensions.dll
Register platform support module: F:/Unity Editors/2020.3.0f1/Editor/Data/PlaybackEngines/WindowsStandaloneSupport/UnityEditor.WindowsStandalone.Extensions.dll
Registered in 0.002746 seconds.
Native extension for WindowsStandalone target not found
Native extension for WebGL target not found
Refreshing native plugins compatible for Editor in 106.00 ms, found 0 plugins.
Preloading 0 native plugins for Editor in 0.00 ms.
Invoked RoslynAnalysisRunner static constructor.
RoslynAnalysisRunner will not be running.
RoslynAnalysisRunner has terminated.
Mono: successfully reloaded assembly
- Completed reload, in  3.970 seconds
Platform modules already initialized, skipping
Registering precompiled user dll's ...
Registered in 0.002393 seconds.
Begin MonoManager ReloadAssembly
Native extension for WindowsStandalone target not found
Native extension for WebGL target not found
Refreshing native plugins compatible for Editor in 83.85 ms, found 0 plugins.
Preloading 0 native plugins for Editor in 0.00 ms.
Invoked RoslynAnalysisRunner static constructor.
RoslynAnalysisRunner will not be running.
RoslynAnalysisRunner has terminated.
Mono: successfully reloaded assembly
- Completed reload, in  3.177 seconds
Platform modules already initialized, skipping
========================================================================
Worker process is ready to serve import requests
Launched and connected shader compiler UnityShaderCompiler.exe after 0.41 seconds
Refreshing native plugins compatible for Editor in 0.64 ms, found 0 plugins.
Preloading 0 native plugins for Editor in 0.00 ms.
Unloading 2282 Unused Serialized files (Serialized files now loaded: 0)
System memory in use before: 98.0 MB.
System memory in use after: 98.1 MB.

Unloading 16 unused Assets to reduce memory usage. Loaded Objects now: 2778.
Total: 5.878000 ms (FindLiveObjects: 0.536100 ms CreateObjectMapping: 0.232200 ms MarkObjects: 4.628200 ms  DeleteObjects: 0.478800 ms)

========================================================================
Received Import Request.
  path: Assets/AddressableAssetsData
  artifactKey: Guid(4b7e8b5234ebf1e41a9c1dbee910b11e) Importer(815301076,1909f56bfc062723c751e8b465ee728b)
Start importing Assets/AddressableAssetsData using Guid(4b7e8b5234ebf1e41a9c1dbee910b11e) Importer(815301076,1909f56bfc062723c751e8b465ee728b)  -> (artifact id: '9946190c6c56c6c4deb29bb8a2f8e0e4') in 0.024021 seconds
  Import took 0.066936 seconds .

========================================================================
Received Import Request.
  Time since last request: 0.000590 seconds.
  path: Assets/AddressableAssetsData/AssetGroups
  artifactKey: Guid(58b5f35cdbca4db4096f13b1a8e775c2) Importer(815301076,1909f56bfc062723c751e8b465ee728b)
Start importing Assets/AddressableAssetsData/AssetGroups using Guid(58b5f35cdbca4db4096f13b1a8e775c2) Importer(815301076,1909f56bfc062723c751e8b465ee728b)  -> (artifact id: '2f23785a65e792739c24cde273fde280') in 0.016730 seconds
  Import took 0.052715 seconds .

========================================================================
Received Import Request.
  Time since last request: 0.000558 seconds.
  path: Assets/AddressableAssetsData/AssetGroups/Schemas
  artifactKey: Guid(a35e8dd371287ac47b050126f9c919a8) Importer(815301076,1909f56bfc062723c751e8b465ee728b)
Start importing Assets/AddressableAssetsData/AssetGroups/Schemas using Guid(a35e8dd371287ac47b050126f9c919a8) Importer(815301076,1909f56bfc062723c751e8b465ee728b)  -> (artifact id: '252af0d973dfa8cf3363f252001a5f6d') in 0.020809 seconds
  Import took 0.035939 seconds .

========================================================================
Received Prepare
Registering precompiled user dll's ...
Registered in 0.001765 seconds.
Begin MonoManager ReloadAssembly
Native extension for WindowsStandalone target not found
Native extension for WebGL target not found
Refreshing native plugins compatible for Editor in 0.86 ms, found 0 plugins.
Preloading 0 native plugins for Editor in 0.00 ms.
Invoked RoslynAnalysisRunner static constructor.
RoslynAnalysisRunner will not be running.
RoslynAnalysisRunner has terminated.
Mono: successfully reloaded assembly
- Completed reload, in  1.897 seconds
Platform modules already initialized, skipping
Switching build target platform(5) subTarget(0) extendedPlatform(0) -> platform(13) subTarget(524288) extendedPlatform(0)
Refreshing native plugins compatible for Editor in 0.67 ms, found 0 plugins.
Preloading 0 native plugins for Editor in 0.00 ms.
Unloading 2253 Unused Serialized files (Serialized files now loaded: 0)
System memory in use before: 97.2 MB.
System memory in use after: 97.4 MB.

Unloading 9 unused Assets to reduce memory usage. Loaded Objects now: 2782.
Total: 4.559700 ms (FindLiveObjects: 0.561100 ms CreateObjectMapping: 0.196900 ms MarkObjects: 3.580000 ms  DeleteObjects: 0.218300 ms)

AssetImportParameters requested are different than current active one (requested -> active):
  custom:graphics/normal-map-encoding: 01000000000000000000000000000000 -> 02000000000000000000000000000000
========================================================================
Received Prepare
Registering precompiled user dll's ...
Registered in 0.002430 seconds.
Begin MonoManager ReloadAssembly
Native extension for WindowsStandalone target not found
Native extension for WebGL target not found
Refreshing native plugins compatible for Editor in 0.65 ms, found 0 plugins.
Preloading 0 native plugins for Editor in 0.00 ms.
Invoked RoslynAnalysisRunner static constructor.
RoslynAnalysisRunner will not be running.
RoslynAnalysisRunner has terminated.
Mono: successfully reloaded assembly
- Completed reload, in  1.892 seconds
Platform modules already initialized, skipping
Switching build target platform(5) subTarget(0) extendedPlatform(0) -> platform(13) subTarget(524288) extendedPlatform(0)
Refreshing native plugins compatible for Editor in 0.68 ms, found 0 plugins.
Preloading 0 native plugins for Editor in 0.00 ms.
Unloading 2253 Unused Serialized files (Serialized files now loaded: 0)
System memory in use before: 97.2 MB.
System memory in use after: 97.4 MB.

Unloading 9 unused Assets to reduce memory usage. Loaded Objects now: 2786.
Total: 4.856900 ms (FindLiveObjects: 0.570200 ms CreateObjectMapping: 0.198400 ms MarkObjects: 3.932400 ms  DeleteObjects: 0.153300 ms)

AssetImportParameters requested are different than current active one (requested -> active):
  custom:graphics/normal-map-encoding: 01000000000000000000000000000000 -> 02000000000000000000000000000000
========================================================================
Received Prepare
Refreshing native plugins compatible for Editor in 2.08 ms, found 0 plugins.
Preloading 0 native plugins for Editor in 0.00 ms.
Unloading 6 Unused Serialized files (Serialized files now loaded: 0)
System memory in use before: 52.7 MB.
System memory in use after: 52.9 MB.

Unloading 5 unused Assets to reduce memory usage. Loaded Objects now: 2787.
Total: 5.642600 ms (FindLiveObjects: 0.730700 ms CreateObjectMapping: 0.312700 ms MarkObjects: 4.441700 ms  DeleteObjects: 0.155200 ms)

========================================================================
Received Prepare
Registering precompiled user dll's ...
Registered in 0.000855 seconds.
Begin MonoManager ReloadAssembly
Native extension for WindowsStandalone target not found
Native extension for WebGL target not found
Refreshing native plugins compatible for Editor in 0.75 ms, found 0 plugins.
Preloading 0 native plugins for Editor in 0.00 ms.
Invoked RoslynAnalysisRunner static constructor.
RoslynAnalysisRunner will not be running.
RoslynAnalysisRunner has terminated.
Mono: successfully reloaded assembly
- Completed reload, in  2.394 seconds
Platform modules already initialized, skipping
Switching build target platform(5) subTarget(0) extendedPlatform(0) -> platform(13) subTarget(524288) extendedPlatform(0)
Refreshing native plugins compatible for Editor in 0.57 ms, found 0 plugins.
Preloading 0 native plugins for Editor in 0.00 ms.
Unloading 2252 Unused Serialized files (Serialized files now loaded: 0)
System memory in use before: 97.2 MB.
System memory in use after: 97.4 MB.

Unloading 8 unused Assets to reduce memory usage. Loaded Objects now: 2791.
Total: 2.316600 ms (FindLiveObjects: 0.265100 ms CreateObjectMapping: 0.083300 ms MarkObjects: 1.898200 ms  DeleteObjects: 0.068100 ms)

AssetImportParameters requested are different than current active one (requested -> active):
  custom:graphics/normal-map-encoding: 01000000000000000000000000000000 -> 02000000000000000000000000000000
========================================================================
Received Prepare
Registering precompiled user dll's ...
Registered in 0.001008 seconds.
Begin MonoManager ReloadAssembly
Native extension for WindowsStandalone target not found
Native extension for WebGL target not found
Refreshing native plugins compatible for Editor in 0.62 ms, found 0 plugins.
Preloading 0 native plugins for Editor in 0.00 ms.
Invoked RoslynAnalysisRunner static constructor.
RoslynAnalysisRunner will not be running.
RoslynAnalysisRunner has terminated.
Mono: successfully reloaded assembly
- Completed reload, in  1.017 seconds
Platform modules already initialized, skipping
Switching build target platform(5) subTarget(0) extendedPlatform(0) -> platform(13) subTarget(524288) extendedPlatform(0)
Refreshing native plugins compatible for Editor in 0.36 ms, found 0 plugins.
Preloading 0 native plugins for Editor in 0.00 ms.
Unloading 2252 Unused Serialized files (Serialized files now loaded: 0)
System memory in use before: 97.2 MB.
System memory in use after: 97.4 MB.

Unloading 8 unused Assets to reduce memory usage. Loaded Objects now: 2795.
Total: 2.330100 ms (FindLiveObjects: 0.295200 ms CreateObjectMapping: 0.166800 ms MarkObjects: 1.805500 ms  DeleteObjects: 0.060900 ms)

AssetImportParameters requested are different than current active one (requested -> active):
  custom:graphics/normal-map-encoding: 01000000000000000000000000000000 -> 02000000000000000000000000000000
========================================================================
Received Prepare
Registering precompiled user dll's ...
Registered in 0.001830 seconds.
Begin MonoManager ReloadAssembly
Native extension for WindowsStandalone target not found
Native extension for WebGL target not found
Refreshing native plugins compatible for Editor in 0.40 ms, found 0 plugins.
Preloading 0 native plugins for Editor in 0.00 ms.
Invoked RoslynAnalysisRunner static constructor.
RoslynAnalysisRunner will not be running.
RoslynAnalysisRunner has terminated.
Mono: successfully reloaded assembly
- Completed reload, in  0.976 seconds
Platform modules already initialized, skipping
Switching build target platform(5) subTarget(0) extendedPlatform(0) -> platform(13) subTarget(524288) extendedPlatform(0)
Refreshing native plugins compatible for Editor in 0.44 ms, found 0 plugins.
Preloading 0 native plugins for Editor in 0.00 ms.
Unloading 2252 Unused Serialized files (Serialized files now loaded: 0)
System memory in use before: 97.2 MB.
System memory in use after: 97.4 MB.

Unloading 8 unused Assets to reduce memory usage. Loaded Objects now: 2799.
Total: 2.716400 ms (FindLiveObjects: 0.303800 ms CreateObjectMapping: 0.093800 ms MarkObjects: 2.253600 ms  DeleteObjects: 0.063800 ms)

AssetImportParameters requested are different than current active one (requested -> active):
  custom:graphics/normal-map-encoding: 01000000000000000000000000000000 -> 02000000000000000000000000000000
========================================================================
Received Prepare
Refreshing native plugins compatible for Editor in 2.06 ms, found 0 plugins.
Preloading 0 native plugins for Editor in 0.00 ms.
Unloading 5 Unused Serialized files (Serialized files now loaded: 0)
System memory in use before: 52.7 MB.
System memory in use after: 52.9 MB.

Unloading 5 unused Assets to reduce memory usage. Loaded Objects now: 2799.
Total: 4.147500 ms (FindLiveObjects: 0.330900 ms CreateObjectMapping: 0.171300 ms MarkObjects: 3.548900 ms  DeleteObjects: 0.094000 ms)

========================================================================
Received Prepare
Registering precompiled user dll's ...
Registered in 0.000915 seconds.
Begin MonoManager ReloadAssembly
Native extension for WindowsStandalone target not found
Native extension for WebGL target not found
Refreshing native plugins compatible for Editor in 0.49 ms, found 0 plugins.
Preloading 0 native plugins for Editor in 0.00 ms.
Invoked RoslynAnalysisRunner static constructor.
RoslynAnalysisRunner will not be running.
RoslynAnalysisRunner has terminated.
Mono: successfully reloaded assembly
- Completed reload, in  3.012 seconds
Platform modules already initialized, skipping
Switching build target platform(5) subTarget(0) extendedPlatform(0) -> platform(13) subTarget(524288) extendedPlatform(0)
Refreshing native plugins compatible for Editor in 0.67 ms, found 0 plugins.
Preloading 0 native plugins for Editor in 0.00 ms.
Unloading 2252 Unused Serialized files (Serialized files now loaded: 0)
System memory in use before: 97.2 MB.
System memory in use after: 97.4 MB.

Unloading 8 unused Assets to reduce memory usage. Loaded Objects now: 2803.
Total: 3.596200 ms (FindLiveObjects: 0.392000 ms CreateObjectMapping: 0.263200 ms MarkObjects: 2.862700 ms  DeleteObjects: 0.076100 ms)

AssetImportParameters requested are different than current active one (requested -> active):
  custom:graphics/normal-map-encoding: 01000000000000000000000000000000 -> 02000000000000000000000000000000
========================================================================
Received Import Request.
  Time since last request: 2545.529167 seconds.
  path: Assets/Scripts/ButtonManager.cs
  artifactKey: Guid(6815efbd35a5de24ea64def24c3af4d0) Importer(815301076,1909f56bfc062723c751e8b465ee728b)
Start importing Assets/Scripts/ButtonManager.cs using Guid(6815efbd35a5de24ea64def24c3af4d0) Importer(815301076,1909f56bfc062723c751e8b465ee728b)  -> (artifact id: 'd74f91520de571d34cf3341acb95fd6a') in 0.350198 seconds
  Import took 0.544425 seconds .

========================================================================
Received Prepare
Refreshing native plugins compatible for Editor in 1.59 ms, found 0 plugins.
Preloading 0 native plugins for Editor in 0.00 ms.
Unloading 5 Unused Serialized files (Serialized files now loaded: 0)
System memory in use before: 52.7 MB.
System memory in use after: 52.9 MB.

Unloading 5 unused Assets to reduce memory usage. Loaded Objects now: 2803.
Total: 3.441300 ms (FindLiveObjects: 0.290900 ms CreateObjectMapping: 0.098300 ms MarkObjects: 2.914800 ms  DeleteObjects: 0.135500 ms)

========================================================================
Received Import Request.
  Time since last request: 17214.260814 seconds.
  path: Assets/Prefab/Button.prefab
  artifactKey: Guid(93faefd18bd23b143b32d8892d82a187) Importer(815301076,1909f56bfc062723c751e8b465ee728b)
Start importing Assets/Prefab/Button.prefab using Guid(93faefd18bd23b143b32d8892d82a187) Importer(815301076,1909f56bfc062723c751e8b465ee728b)  -> (artifact id: '42cd90894b42df929027827e95ffdff1') in 4.436243 seconds
  Import took 6.188662 seconds .

========================================================================
Received Import Request.
  Time since last request: 10.353267 seconds.
  path: Assets/Prefab/Button.prefab
  artifactKey: Guid(93faefd18bd23b143b32d8892d82a187) Importer(815301076,1909f56bfc062723c751e8b465ee728b)
Start importing Assets/Prefab/Button.prefab using Guid(93faefd18bd23b143b32d8892d82a187) Importer(815301076,1909f56bfc062723c751e8b465ee728b)  -> (artifact id: '3e9cae3b8a3e1db26ac64f5caa9d44bb') in 0.053394 seconds
  Import took 0.188344 seconds .

========================================================================
Received Import Request.
  Time since last request: 4.492818 seconds.
  path: Assets/Prefab/Button.prefab
  artifactKey: Guid(93faefd18bd23b143b32d8892d82a187) Importer(815301076,1909f56bfc062723c751e8b465ee728b)
Start importing Assets/Prefab/Button.prefab using Guid(93faefd18bd23b143b32d8892d82a187) Importer(815301076,1909f56bfc062723c751e8b465ee728b)  -> (artifact id: '1d3b8d9d232716786fe979f3e8b1c5d0') in 0.010927 seconds
  Import took 0.084384 seconds .

========================================================================
Received Import Request.
  Time since last request: 11.152001 seconds.
  path: Assets/Prefab/Button.prefab
  artifactKey: Guid(93faefd18bd23b143b32d8892d82a187) Importer(815301076,1909f56bfc062723c751e8b465ee728b)
Start importing Assets/Prefab/Button.prefab using Guid(93faefd18bd23b143b32d8892d82a187) Importer(815301076,1909f56bfc062723c751e8b465ee728b)  -> (artifact id: 'd38024160c89c62cb206296dfbffb94d') in 0.032012 seconds
  Import took 0.148455 seconds .

========================================================================
Received Prepare
Refreshing native plugins compatible for Editor in 127.69 ms, found 0 plugins.
Preloading 0 native plugins for Editor in 0.00 ms.
Unloading 5 Unused Serialized files (Serialized files now loaded: 0)
System memory in use before: 53.0 MB.
System memory in use after: 53.2 MB.

Unloading 5 unused Assets to reduce memory usage. Loaded Objects now: 2803.
Total: 354.295600 ms (FindLiveObjects: 0.368600 ms CreateObjectMapping: 0.144000 ms MarkObjects: 352.895100 ms  DeleteObjects: 0.884100 ms)

========================================================================
Received Prepare
Refreshing native plugins compatible for Editor in 81.39 ms, found 0 plugins.
Preloading 0 native plugins for Editor in 0.00 ms.
Unloading 5 Unused Serialized files (Serialized files now loaded: 0)
System memory in use before: 53.0 MB.
System memory in use after: 53.2 MB.

Unloading 5 unused Assets to reduce memory usage. Loaded Objects now: 2803.
Total: 6.116000 ms (FindLiveObjects: 0.342600 ms CreateObjectMapping: 0.160000 ms MarkObjects: 5.542600 ms  DeleteObjects: 0.068600 ms)

========================================================================
Received Import Request.
  Time since last request: 1145.767247 seconds.
  path: Assets/source/backbtWhite.png
  artifactKey: Guid(93464280cdec81143820989ed8ef7b1f) Importer(815301076,1909f56bfc062723c751e8b465ee728b)
Start importing Assets/source/backbtWhite.png using Guid(93464280cdec81143820989ed8ef7b1f) Importer(815301076,1909f56bfc062723c751e8b465ee728b)  -> (artifact id: '4b688472bda74c59da930ea6d774b61a') in 3.684576 seconds
  Import took 3.994290 seconds .

========================================================================
Received Import Request.
  Time since last request: 0.651014 seconds.
  path: Assets/source/backbtWhite.png
  artifactKey: Guid(93464280cdec81143820989ed8ef7b1f) Importer(815301076,1909f56bfc062723c751e8b465ee728b)
Start importing Assets/source/backbtWhite.png using Guid(93464280cdec81143820989ed8ef7b1f) Importer(815301076,1909f56bfc062723c751e8b465ee728b)  -> (artifact id: '4b688472bda74c59da930ea6d774b61a') in 0.044070 seconds
  Import took 0.051127 seconds .

========================================================================
Received Import Request.
  Time since last request: 4.291356 seconds.
  path: Assets/source/backbtWhite.png
  artifactKey: Guid(93464280cdec81143820989ed8ef7b1f) Importer(815301076,1909f56bfc062723c751e8b465ee728b)
Start importing Assets/source/backbtWhite.png using Guid(93464280cdec81143820989ed8ef7b1f) Importer(815301076,1909f56bfc062723c751e8b465ee728b)  -> (artifact id: '7d81986c24b91fd96eb73fa57e907690') in 1.472787 seconds
  Import took 1.745011 seconds .

========================================================================
Received Prepare
Registering precompiled user dll's ...
Registered in 0.002918 seconds.
Begin MonoManager ReloadAssembly
Native extension for WindowsStandalone target not found
Native extension for WebGL target not found
Refreshing native plugins compatible for Editor in 1.60 ms, found 0 plugins.
Preloading 0 native plugins for Editor in 0.00 ms.
Invoked RoslynAnalysisRunner static constructor.
RoslynAnalysisRunner will not be running.
RoslynAnalysisRunner has terminated.
Mono: successfully reloaded assembly
- Completed reload, in  8.096 seconds
Platform modules already initialized, skipping
Script is not up to date after domain reload: guid(833bf14407d91e648ad9f824cb793291) path("Assets/Scripts/QuitGame.cs") state(2)
Switching build target platform(5) subTarget(0) extendedPlatform(0) -> platform(13) subTarget(524288) extendedPlatform(0)
Refreshing native plugins compatible for Editor in 0.66 ms, found 0 plugins.
Preloading 0 native plugins for Editor in 0.00 ms.
Unloading 2253 Unused Serialized files (Serialized files now loaded: 0)
System memory in use before: 100.2 MB.
System memory in use after: 100.4 MB.

Unloading 8 unused Assets to reduce memory usage. Loaded Objects now: 2814.
Total: 45.978900 ms (FindLiveObjects: 0.828500 ms CreateObjectMapping: 0.293800 ms MarkObjects: 44.652300 ms  DeleteObjects: 0.200300 ms)

AssetImportParameters requested are different than current active one (requested -> active):
  custom:graphics/normal-map-encoding: 01000000000000000000000000000000 -> 02000000000000000000000000000000
========================================================================
Received Import Request.
  Time since last request: 236.106152 seconds.
  path: Assets/Scripts/QuitGame.cs
  artifactKey: Guid(833bf14407d91e648ad9f824cb793291) Importer(815301076,1909f56bfc062723c751e8b465ee728b)
Start importing Assets/Scripts/QuitGame.cs using Guid(833bf14407d91e648ad9f824cb793291) Importer(815301076,1909f56bfc062723c751e8b465ee728b)  -> (artifact id: '38047151e31f89268b3e84c911b5c001') in 0.100407 seconds
  Import took 0.208043 seconds .

========================================================================
Received Prepare
Registering precompiled user dll's ...
Registered in 0.001898 seconds.
Begin MonoManager ReloadAssembly
Native extension for WindowsStandalone target not found
Native extension for WebGL target not found
Refreshing native plugins compatible for Editor in 0.59 ms, found 0 plugins.
Preloading 0 native plugins for Editor in 0.00 ms.
Invoked RoslynAnalysisRunner static constructor.
RoslynAnalysisRunner will not be running.
RoslynAnalysisRunner has terminated.
Mono: successfully reloaded assembly
- Completed reload, in  2.356 seconds
Platform modules already initialized, skipping
Switching build target platform(5) subTarget(0) extendedPlatform(0) -> platform(13) subTarget(524288) extendedPlatform(0)
Refreshing native plugins compatible for Editor in 0.69 ms, found 0 plugins.
Preloading 0 native plugins for Editor in 0.00 ms.
Unloading 2254 Unused Serialized files (Serialized files now loaded: 0)
System memory in use before: 100.2 MB.
System memory in use after: 100.4 MB.

Unloading 8 unused Assets to reduce memory usage. Loaded Objects now: 2819.
Total: 4.943200 ms (FindLiveObjects: 0.563500 ms CreateObjectMapping: 0.175700 ms MarkObjects: 4.063800 ms  DeleteObjects: 0.136700 ms)

AssetImportParameters requested are different than current active one (requested -> active):
  custom:graphics/normal-map-encoding: 01000000000000000000000000000000 -> 02000000000000000000000000000000
========================================================================
Received Import Request.
  Time since last request: 38.516602 seconds.
  path: Assets/Scripts/QuitGame.cs
  artifactKey: Guid(833bf14407d91e648ad9f824cb793291) Importer(815301076,1909f56bfc062723c751e8b465ee728b)
Start importing Assets/Scripts/QuitGame.cs using Guid(833bf14407d91e648ad9f824cb793291) Importer(815301076,1909f56bfc062723c751e8b465ee728b)  -> (artifact id: '206fac2dfe91c2106fc896f39194c00a') in 0.011101 seconds
  Import took 0.103803 seconds .

========================================================================
Received Prepare
Registering precompiled user dll's ...
Registered in 0.001867 seconds.
Begin MonoManager ReloadAssembly
Native extension for WindowsStandalone target not found
Native extension for WebGL target not found
Refreshing native plugins compatible for Editor in 0.95 ms, found 0 plugins.
Preloading 0 native plugins for Editor in 0.00 ms.
Invoked RoslynAnalysisRunner static constructor.
RoslynAnalysisRunner will not be running.
RoslynAnalysisRunner has terminated.
Mono: successfully reloaded assembly
- Completed reload, in  2.055 seconds
Platform modules already initialized, skipping
Switching build target platform(5) subTarget(0) extendedPlatform(0) -> platform(13) subTarget(524288) extendedPlatform(0)
Refreshing native plugins compatible for Editor in 0.94 ms, found 0 plugins.
Preloading 0 native plugins for Editor in 0.00 ms.
Unloading 2254 Unused Serialized files (Serialized files now loaded: 0)
System memory in use before: 100.3 MB.
System memory in use after: 100.5 MB.

Unloading 8 unused Assets to reduce memory usage. Loaded Objects now: 2823.
Total: 5.374800 ms (FindLiveObjects: 0.348300 ms CreateObjectMapping: 0.136800 ms MarkObjects: 4.652300 ms  DeleteObjects: 0.234500 ms)

AssetImportParameters requested are different than current active one (requested -> active):
  custom:graphics/normal-map-encoding: 01000000000000000000000000000000 -> 02000000000000000000000000000000
========================================================================
Received Prepare
Refreshing native plugins compatible for Editor in 79.18 ms, found 0 plugins.
Preloading 0 native plugins for Editor in 0.00 ms.
Unloading 5 Unused Serialized files (Serialized files now loaded: 0)
System memory in use before: 55.7 MB.
System memory in use after: 55.9 MB.

Unloading 5 unused Assets to reduce memory usage. Loaded Objects now: 2823.
Total: 6.828400 ms (FindLiveObjects: 0.806900 ms CreateObjectMapping: 0.274900 ms MarkObjects: 5.503800 ms  DeleteObjects: 0.239700 ms)

========================================================================
Received Prepare
Registering precompiled user dll's ...
Registered in 0.001937 seconds.
Begin MonoManager ReloadAssembly
Native extension for WindowsStandalone target not found
Native extension for WebGL target not found
Refreshing native plugins compatible for Editor in 0.62 ms, found 0 plugins.
Preloading 0 native plugins for Editor in 0.00 ms.
Invoked RoslynAnalysisRunner static constructor.
RoslynAnalysisRunner will not be running.
RoslynAnalysisRunner has terminated.
Mono: successfully reloaded assembly
- Completed reload, in  5.947 seconds
Platform modules already initialized, skipping
Switching build target platform(5) subTarget(0) extendedPlatform(0) -> platform(13) subTarget(524288) extendedPlatform(0)
Refreshing native plugins compatible for Editor in 0.67 ms, found 0 plugins.
Preloading 0 native plugins for Editor in 0.00 ms.
Unloading 2254 Unused Serialized files (Serialized files now loaded: 0)
System memory in use before: 100.3 MB.
System memory in use after: 100.5 MB.

Unloading 8 unused Assets to reduce memory usage. Loaded Objects now: 2827.
Total: 4.795500 ms (FindLiveObjects: 0.493000 ms CreateObjectMapping: 0.169000 ms MarkObjects: 3.967100 ms  DeleteObjects: 0.162900 ms)

AssetImportParameters requested are different than current active one (requested -> active):
  custom:graphics/normal-map-encoding: 01000000000000000000000000000000 -> 02000000000000000000000000000000
========================================================================
Received Prepare
Refreshing native plugins compatible for Editor in 1.37 ms, found 0 plugins.
Preloading 0 native plugins for Editor in 0.00 ms.
Unloading 5 Unused Serialized files (Serialized files now loaded: 0)
System memory in use before: 55.7 MB.
System memory in use after: 55.9 MB.

Unloading 5 unused Assets to reduce memory usage. Loaded Objects now: 2827.
Total: 4.296900 ms (FindLiveObjects: 0.491900 ms CreateObjectMapping: 0.210000 ms MarkObjects: 3.443000 ms  DeleteObjects: 0.149700 ms)

========================================================================
Received Prepare
Refreshing native plugins compatible for Editor in 1.92 ms, found 0 plugins.
Preloading 0 native plugins for Editor in 0.00 ms.
Unloading 5 Unused Serialized files (Serialized files now loaded: 0)
System memory in use before: 55.7 MB.
System memory in use after: 55.9 MB.

Unloading 5 unused Assets to reduce memory usage. Loaded Objects now: 2827.
Total: 4.608800 ms (FindLiveObjects: 0.405100 ms CreateObjectMapping: 0.148500 ms MarkObjects: 3.929200 ms  DeleteObjects: 0.124400 ms)

========================================================================
Received Import Request.
  Time since last request: 926.843470 seconds.
  path: Assets/source/ARPlane.png
  artifactKey: Guid(1ee43e8a0cdd36f4fa98019e94c3396a) Importer(815301076,1909f56bfc062723c751e8b465ee728b)
Start importing Assets/source/ARPlane.png using Guid(1ee43e8a0cdd36f4fa98019e94c3396a) Importer(815301076,1909f56bfc062723c751e8b465ee728b)  -> (artifact id: '62bc5720530917531ddafab82cabff1e') in 0.540787 seconds
  Import took 0.608696 seconds .

========================================================================
Received Import Request.
  Time since last request: 9.910508 seconds.
  path: Assets/source/ARPlane.png
  artifactKey: Guid(1ee43e8a0cdd36f4fa98019e94c3396a) Importer(815301076,1909f56bfc062723c751e8b465ee728b)
Start importing Assets/source/ARPlane.png using Guid(1ee43e8a0cdd36f4fa98019e94c3396a) Importer(815301076,1909f56bfc062723c751e8b465ee728b)  -> (artifact id: '5d2b02216fb1151d08247c24aba7085b') in 0.267739 seconds
  Import took 0.405160 seconds .

========================================================================
Received Import Request.
  Time since last request: 118.346568 seconds.
  path: Assets/Prefab/AR Plane.prefab
  artifactKey: Guid(b033cc4bef2f6fb46bb0a420e8a29a76) Importer(815301076,1909f56bfc062723c751e8b465ee728b)
Start importing Assets/Prefab/AR Plane.prefab using Guid(b033cc4bef2f6fb46bb0a420e8a29a76) Importer(815301076,1909f56bfc062723c751e8b465ee728b)  -> (artifact id: '587948900cbeb4b71da464760f2d473d') in 0.054722 seconds
  Import took 0.243546 seconds .

========================================================================
Received Prepare
Refreshing native plugins compatible for Editor in 60.89 ms, found 0 plugins.
Preloading 0 native plugins for Editor in 0.00 ms.
Unloading 5 Unused Serialized files (Serialized files now loaded: 0)
System memory in use before: 55.9 MB.
System memory in use after: 56.1 MB.

Unloading 5 unused Assets to reduce memory usage. Loaded Objects now: 2830.
Total: 3.974100 ms (FindLiveObjects: 0.324800 ms CreateObjectMapping: 0.154800 ms MarkObjects: 3.385300 ms  DeleteObjects: 0.106900 ms)

========================================================================
Received Import Request.
  Time since last request: 449.174838 seconds.
  path: Assets/source/ARPlane2.png
  artifactKey: Guid(b24b652241049964e90704344e54913e) Importer(815301076,1909f56bfc062723c751e8b465ee728b)
Start importing Assets/source/ARPlane2.png using Guid(b24b652241049964e90704344e54913e) Importer(815301076,1909f56bfc062723c751e8b465ee728b)  -> (artifact id: '625d42df485858bcdd236f27d7dc0874') in 0.236497 seconds
  Import took 0.430885 seconds .

========================================================================
Received Import Request.
  Time since last request: 10.082373 seconds.
  path: Assets/source/ARPlane2.png
  artifactKey: Guid(b24b652241049964e90704344e54913e) Importer(815301076,1909f56bfc062723c751e8b465ee728b)
Start importing Assets/source/ARPlane2.png using Guid(b24b652241049964e90704344e54913e) Importer(815301076,1909f56bfc062723c751e8b465ee728b)  -> (artifact id: 'f65d8d8990d8874e35ce5499d3a1bd24') in 0.133467 seconds
  Import took 0.249667 seconds .

========================================================================
Received Prepare
Refreshing native plugins compatible for Editor in 29.40 ms, found 0 plugins.
Preloading 0 native plugins for Editor in 0.00 ms.
Unloading 5 Unused Serialized files (Serialized files now loaded: 0)
System memory in use before: 55.9 MB.
System memory in use after: 56.1 MB.

Unloading 5 unused Assets to reduce memory usage. Loaded Objects now: 2833.
Total: 52.785100 ms (FindLiveObjects: 0.399100 ms CreateObjectMapping: 0.148500 ms MarkObjects: 38.963200 ms  DeleteObjects: 13.271400 ms)

========================================================================
Received Prepare
Refreshing native plugins compatible for Editor in 1.97 ms, found 0 plugins.
Preloading 0 native plugins for Editor in 0.00 ms.
Unloading 5 Unused Serialized files (Serialized files now loaded: 0)
System memory in use before: 55.9 MB.
System memory in use after: 56.1 MB.

Unloading 5 unused Assets to reduce memory usage. Loaded Objects now: 2833.
Total: 25.193800 ms (FindLiveObjects: 0.401500 ms CreateObjectMapping: 0.190000 ms MarkObjects: 5.308100 ms  DeleteObjects: 19.291000 ms)

